#
# There is insufficient memory for the Java Runtime Environment to continue.
# Native memory allocation (mmap) failed to map 264241152 bytes for G1 virtual space
# Possible reasons:
#   The system is out of physical RAM or swap space
#   The process is running with CompressedOops enabled, and the Java Heap may be blocking the growth of the native heap
# Possible solutions:
#   Reduce memory load on the system
#   Increase physical memory or swap space
#   Check if swap backing store is full
#   Decrease Java heap size (-Xmx/-Xms)
#   Decrease number of Java threads
#   Decrease Java thread stack sizes (-Xss)
#   Set larger code cache with -XX:ReservedCodeCacheSize=
#   JVM is running with Zero Based Compressed Oops mode in which the Java heap is
#     placed in the first 32GB address space. The Java Heap base address is the
#     maximum limit for the native heap growth. Please use -XX:HeapBaseMinAddress
#     to set the Java Heap base and to place the Java Heap above 32GB virtual address.
# This output file may be truncated or incomplete.
#
#  Out of Memory Error (os_windows.cpp:3769), pid=11256, tid=3600
#
# JRE version:  (17.0.6) (build )
# Java VM: OpenJDK 64-Bit Server VM (17.0.6+0-b2043.56-10027231, mixed mode, sharing, tiered, compressed oops, compressed class ptrs, g1 gc, windows-amd64)
# No core dump will be written. Minidumps are not enabled by default on client versions of Windows
#

---------------  S U M M A R Y ------------

Command Line: git4idea.http.GitAskPassApp Username for 'https://github.com': 

Host: 11th Gen Intel(R) Core(TM) i7-1195G7 @ 2.90GHz, 8 cores, 15G,  Windows 11 , 64 bit Build 22621 (10.0.22621.2506)
Time: Mon Nov 20 03:14:00 2023  Windows 11 , 64 bit Build 22621 (10.0.22621.2506) elapsed time: 0.008132 seconds (0d 0h 0m 0s)

---------------  T H R E A D  ---------------

Current thread (0x00000252ca91c400):  JavaThread "Unknown thread" [_thread_in_vm, id=3600, stack(0x000000fa88500000,0x000000fa88600000)]

Stack: [0x000000fa88500000,0x000000fa88600000]
Native frames: (J=compiled Java code, j=interpreted, Vv=VM code, C=native code)
V  [jvm.dll+0x683c9a]
V  [jvm.dll+0x8427a4]
V  [jvm.dll+0x843f9e]
V  [jvm.dll+0x844603]
V  [jvm.dll+0x249b75]
V  [jvm.dll+0x680b69]
V  [jvm.dll+0x67505a]
V  [jvm.dll+0x309acb]
V  [jvm.dll+0x310f86]
V  [jvm.dll+0x3608ee]
V  [jvm.dll+0x360b1f]
V  [jvm.dll+0x2dfbf8]
V  [jvm.dll+0x2e0b64]
V  [jvm.dll+0x814091]
V  [jvm.dll+0x36e6a1]
V  [jvm.dll+0x7f35cc]
V  [jvm.dll+0x3f0e8f]
V  [jvm.dll+0x3f29d1]
C  [jli.dll+0x526b]
C  [ucrtbase.dll+0x29363]
C  [KERNEL32.DLL+0x1257d]
C  [ntdll.dll+0x5aa58]


---------------  P R O C E S S  ---------------

Threads class SMR info:
_java_thread_list=0x00007ffe9ad7c058, length=0, elements={
}

Java Threads: ( => current thread )

Other Threads:
  0x00000252ca985440 GCTaskThread "GC Thread#0" [stack: 0x000000fa88600000,0x000000fa88700000] [id=7620]
  0x00000252ca995e10 ConcurrentGCThread "G1 Main Marker" [stack: 0x000000fa88700000,0x000000fa88800000] [id=1932]
  0x00000252ca996730 ConcurrentGCThread "G1 Conc#0" [stack: 0x000000fa88800000,0x000000fa88900000] [id=14992]

[error occurred during error reporting (printing all threads), id 0xc0000005, EXCEPTION_ACCESS_VIOLATION (0xc0000005) at pc=0x00007ffe9a530797]

VM state: not at safepoint (not fully initialized)

VM Mutex/Monitor currently owned by a thread:  ([mutex/lock_event])
[0x00000252ca91b4f0] Heap_lock - owner thread: 0x00000252ca91c400

Heap address: 0x0000000704800000, size: 4024 MB, Compressed Oops mode: Zero based, Oop shift amount: 3

CDS archive(s) mapped at: [0x0000000000000000-0x0000000000000000-0x0000000000000000), size 0, SharedBaseAddress: 0x0000000800000000, ArchiveRelocationMode: 0.
Narrow klass base: 0x0000000000000000, Narrow klass shift: 0, Narrow klass range: 0x0

GC Precious Log:
<Empty>

Heap:
 garbage-first heap   total 0K, used 0K [0x0000000704800000, 0x0000000800000000)
  region size 2048K, 0 young (0K), 0 survivors (0K)

[error occurred during error reporting (printing heap information), id 0xc0000005, EXCEPTION_ACCESS_VIOLATION (0xc0000005) at pc=0x00007ffe9a91da89]

GC Heap History (0 events):
No events

Dll operation events (1 events):
Event: 0.005 Loaded shared library C:\Program Files\Android\Android Studio\jbr\bin\java.dll

Deoptimization events (0 events):
No events

Classes unloaded (0 events):
No events

Classes redefined (0 events):
No events

Internal exceptions (0 events):
No events

VM Operations (0 events):
No events

Events (0 events):
No events


Dynamic libraries:
0x00007ff6dd470000 - 0x00007ff6dd47a000 	C:\Program Files\Android\Android Studio\jbr\bin\java.exe
0x00007ffee03d0000 - 0x00007ffee05e7000 	C:\WINDOWS\SYSTEM32\ntdll.dll
0x00007ffedf600000 - 0x00007ffedf6c4000 	C:\WINDOWS\System32\KERNEL32.DLL
0x00007ffedd920000 - 0x00007ffeddcc5000 	C:\WINDOWS\System32\KERNELBASE.dll
0x00007ffedddf0000 - 0x00007ffeddf01000 	C:\WINDOWS\System32\ucrtbase.dll
0x00007ffec1580000 - 0x00007ffec1597000 	C:\Program Files\Android\Android Studio\jbr\bin\jli.dll
0x00007ffeb4120000 - 0x00007ffeb413b000 	C:\Program Files\Android\Android Studio\jbr\bin\VCRUNTIME140.dll
0x00007ffedfcf0000 - 0x00007ffedfe9e000 	C:\WINDOWS\System32\USER32.dll
0x00007ffec4320000 - 0x00007ffec45b3000 	C:\WINDOWS\WinSxS\amd64_microsoft.windows.common-controls_6595b64144ccf1df_6.0.22621.2506_none_270c5ae97388e100\COMCTL32.dll
0x00007ffeddf10000 - 0x00007ffeddf36000 	C:\WINDOWS\System32\win32u.dll
0x00007ffede2d0000 - 0x00007ffede377000 	C:\WINDOWS\System32\msvcrt.dll
0x00007ffee0360000 - 0x00007ffee0389000 	C:\WINDOWS\System32\GDI32.dll
0x00007ffedd740000 - 0x00007ffedd859000 	C:\WINDOWS\System32\gdi32full.dll
0x00007ffeddd50000 - 0x00007ffedddea000 	C:\WINDOWS\System32\msvcp_win.dll
0x00007ffedff90000 - 0x00007ffedffc1000 	C:\WINDOWS\System32\IMM32.DLL
0x00007ffeb5730000 - 0x00007ffeb573c000 	C:\Program Files\Android\Android Studio\jbr\bin\vcruntime140_1.dll
0x00007ffea2c80000 - 0x00007ffea2d0d000 	C:\Program Files\Android\Android Studio\jbr\bin\msvcp140.dll
0x00007ffe9a240000 - 0x00007ffe9aeae000 	C:\Program Files\Android\Android Studio\jbr\bin\server\jvm.dll
0x00007ffee00f0000 - 0x00007ffee01a1000 	C:\WINDOWS\System32\ADVAPI32.dll
0x00007ffede1a0000 - 0x00007ffede246000 	C:\WINDOWS\System32\sechost.dll
0x00007ffedffd0000 - 0x00007ffee00e7000 	C:\WINDOWS\System32\RPCRT4.dll
0x00007ffedb120000 - 0x00007ffedb154000 	C:\WINDOWS\SYSTEM32\WINMM.dll
0x00007ffec4660000 - 0x00007ffec4669000 	C:\WINDOWS\SYSTEM32\WSOCK32.dll
0x00007ffed3020000 - 0x00007ffed302a000 	C:\WINDOWS\SYSTEM32\VERSION.dll
0x00007ffede250000 - 0x00007ffede2c1000 	C:\WINDOWS\System32\WS2_32.dll
0x00007ffedc810000 - 0x00007ffedc828000 	C:\WINDOWS\SYSTEM32\kernel.appcore.dll
0x00007ffed63e0000 - 0x00007ffed63ea000 	C:\Program Files\Android\Android Studio\jbr\bin\jimage.dll
0x00007ffedae40000 - 0x00007ffedb073000 	C:\WINDOWS\SYSTEM32\DBGHELP.DLL
0x00007ffedf790000 - 0x00007ffedfb19000 	C:\WINDOWS\System32\combase.dll
0x00007ffede380000 - 0x00007ffede457000 	C:\WINDOWS\System32\OLEAUT32.dll
0x00007ffedb0e0000 - 0x00007ffedb112000 	C:\WINDOWS\SYSTEM32\dbgcore.DLL
0x00007ffeddcd0000 - 0x00007ffeddd4a000 	C:\WINDOWS\System32\bcryptPrimitives.dll
0x00007ffec4a40000 - 0x00007ffec4a65000 	C:\Program Files\Android\Android Studio\jbr\bin\java.dll

dbghelp: loaded successfully - version: 4.0.5 - missing functions: none
symbol engine: initialized successfully - sym options: 0x614 - pdb path: .;C:\Program Files\Android\Android Studio\jbr\bin;C:\WINDOWS\SYSTEM32;C:\WINDOWS\WinSxS\amd64_microsoft.windows.common-controls_6595b64144ccf1df_6.0.22621.2506_none_270c5ae97388e100;C:\Program Files\Android\Android Studio\jbr\bin\server

VM Arguments:
java_command: git4idea.http.GitAskPassApp Username for 'https://github.com': 
java_class_path (initial): C:/Program Files/Android/Android Studio/plugins/vcs-git/lib/git4idea-rt.jar;C:/Program Files/Android/Android Studio/lib/externalProcess-rt.jar;C:/Program Files/Android/Android Studio/lib/app.jar;C:/Program Files/Android/Android Studio/lib/3rd-party-rt.jar
Launcher Type: SUN_STANDARD

[Global flags]
     intx CICompilerCount                          = 4                                         {product} {ergonomic}
     uint ConcGCThreads                            = 2                                         {product} {ergonomic}
     uint G1ConcRefinementThreads                  = 8                                         {product} {ergonomic}
   size_t G1HeapRegionSize                         = 2097152                                   {product} {ergonomic}
    uintx GCDrainStackTargetSize                   = 64                                        {product} {ergonomic}
   size_t InitialHeapSize                          = 264241152                                 {product} {ergonomic}
   size_t MarkStackSize                            = 4194304                                   {product} {ergonomic}
   size_t MaxHeapSize                              = 4219469824                                {product} {ergonomic}
   size_t MinHeapDeltaBytes                        = 2097152                                   {product} {ergonomic}
   size_t MinHeapSize                              = 8388608                                   {product} {ergonomic}
    uintx NonNMethodCodeHeapSize                   = 5839372                                {pd product} {ergonomic}
    uintx NonProfiledCodeHeapSize                  = 122909434                              {pd product} {ergonomic}
    uintx ProfiledCodeHeapSize                     = 122909434                              {pd product} {ergonomic}
    uintx ReservedCodeCacheSize                    = 251658240                              {pd product} {ergonomic}
     bool SegmentedCodeCache                       = true                                      {product} {ergonomic}
   size_t SoftMaxHeapSize                          = 4219469824                             {manageable} {ergonomic}
     bool UseCompressedClassPointers               = true                           {product lp64_product} {ergonomic}
     bool UseCompressedOops                        = true                           {product lp64_product} {ergonomic}
     bool UseG1GC                                  = true                                      {product} {ergonomic}
     bool UseLargePagesIndividualAllocation        = false                                  {pd product} {ergonomic}

Logging:
Log output configuration:
 #0: stdout all=warning uptime,level,tags
 #1: stderr all=off uptime,level,tags

Environment Variables:
PATH=C:/Program Files/Git/mingw64/libexec/git-core;C:/Program Files/Git/mingw64/libexec/git-core;C:\Program Files\Git\mingw64\bin;C:\Program Files\Git\usr\bin;C:\Users\dkgus\bin;C:\Program Files\Common Files\Oracle\Java\javapath;C:\WINDOWS\system32;C:\WINDOWS;C:\WINDOWS\System32\Wbem;C:\WINDOWS\System32\WindowsPowerShell\v1.0\;C:\WINDOWS\System32\OpenSSH\;C:\Program Files\Java\jdk-17\bin;C:\Program Files\Java\jdk-17\lib;C:\Program Files\Git\cmd;C:\Program Files\dotnet\;C:\Program Files\nodejs\;C:\Ruby31-x64\bin;C:\Users\dkgus\AppData\Local\Programs\Python\Python311\;C:\Users\dkgus\AppData\Local\Programs\Python\Python311\Scripts\;C:\Users\dkgus\AppData\Local\Microsoft\WindowsApps;C:\Users\dkgus\AppData\Local\Programs\Microsoft VS Code\bin;C:\Users\dkgus\AppData\Roaming\npm;C:\Users\dkgus\AppData\Local\GitHubDesktop\bin
USERNAME=¾ÆÇö
DISPLAY=:0.0
LC_ALL=en_US.UTF-8
TERM=xterm-256color
TMPDIR=C:\Users\dkgus\AppData\Local\Temp
OS=Windows_NT
PROCESSOR_IDENTIFIER=Intel64 Family 6 Model 140 Stepping 2, GenuineIntel
TMP=C:\Users\dkgus\AppData\Local\Temp
TEMP=C:\Users\dkgus\AppData\Local\Temp


JNI global refs:

[error occurred during error reporting (JNI global references), id 0xc0000005, EXCEPTION_ACCESS_VIOLATION (0xc0000005) at pc=0x00007ffe9a2f7a10]


---------------  S Y S T E M  ---------------

OS:
 Windows 11 , 64 bit Build 22621 (10.0.22621.2506)
OS uptime: 0 days 5:41 hours
Hyper-V role detected

CPU: total 8 (initial active 8) (4 cores per cpu, 2 threads per core) family 6 model 140 stepping 2 microcode 0x16, cx8, cmov, fxsr, ht, mmx, 3dnowpref, sse, sse2, sse3, ssse3, sse4.1, sse4.2, popcnt, lzcnt, tsc, tscinvbit, avx, avx2, aes, erms, clmul, bmi1, bmi2, adx, avx512f, avx512dq, avx512cd, avx512bw, avx512vl, sha, fma, vzeroupper, avx512_vpopcntdq, avx512_vpclmulqdq, avx512_vaes, avx512_vnni, clflush, clflushopt, clwb, avx512_vbmi2, avx512_vbmi, hv

Memory: 4k page, system-wide physical 16092M (724M free)
TotalPageFile size 18140M (AvailPageFile size 90M)
current process WorkingSet (physical memory assigned to process): 11M, peak: 11M
current process commit charge ("private bytes"): 60M, peak: 312M

vm_info: OpenJDK 64-Bit Server VM (17.0.6+0-b2043.56-10027231) for windows-amd64 JRE (17.0.6+0-b2043.56-10027231), built on Apr 28 2023 00:43:19 by "androidbuild" with MS VC++ 16.10 / 16.11 (VS2019)

END.
