#
# There is insufficient memory for the Java Runtime Environment to continue.
# Native memory allocation (malloc) failed to allocate 901776 bytes for Chunk::new
# Possible reasons:
#   The system is out of physical RAM or swap space
#   The process is running with CompressedOops enabled, and the Java Heap may be blocking the growth of the native heap
# Possible solutions:
#   Reduce memory load on the system
#   Increase physical memory or swap space
#   Check if swap backing store is full
#   Decrease Java heap size (-Xmx/-Xms)
#   Decrease number of Java threads
#   Decrease Java thread stack sizes (-Xss)
#   Set larger code cache with -XX:ReservedCodeCacheSize=
#   JVM is running with Unscaled Compressed Oops mode in which the Java heap is
#     placed in the first 4GB address space. The Java Heap base address is the
#     maximum limit for the native heap growth. Please use -XX:HeapBaseMinAddress
#     to set the Java Heap base and to place the Java Heap above 4GB virtual address.
# This output file may be truncated or incomplete.
#
#  Out of Memory Error (./src/hotspot/share/memory/arena.cpp:197), pid=21444, tid=15728
#
# JRE version: OpenJDK Runtime Environment (11.0.13) (build 11.0.13+0-b1751.21-8125866)
# Java VM: OpenJDK 64-Bit Server VM (11.0.13+0-b1751.21-8125866, mixed mode, tiered, compressed oops, g1 gc, windows-amd64)
# No core dump will be written. Minidumps are not enabled by default on client versions of Windows
#

---------------  S U M M A R Y ------------

Command Line: --add-opens=java.base/java.util=ALL-UNNAMED --add-opens=java.base/java.lang=ALL-UNNAMED --add-opens=java.base/java.lang.invoke=ALL-UNNAMED --add-opens=java.base/java.util=ALL-UNNAMED --add-opens=java.prefs/java.util.prefs=ALL-UNNAMED --add-opens=java.prefs/java.util.prefs=ALL-UNNAMED --add-opens=java.base/java.nio.charset=ALL-UNNAMED --add-opens=java.base/java.net=ALL-UNNAMED --add-opens=java.base/java.util.concurrent.atomic=ALL-UNNAMED -Xmx2048m -Dfile.encoding=UTF-8 -Duser.country=KR -Duser.language=ko -Duser.variant org.gradle.launcher.daemon.bootstrap.GradleDaemon 7.4

Host: 11th Gen Intel(R) Core(TM) i7-1195G7 @ 2.90GHz, 8 cores, 15G,  Windows 11 , 64 bit Build 22621 (10.0.22621.2428)
Time: Wed Nov 15 16:25:27 2023 대한민국 표준시 elapsed time: 287.742775 seconds (0d 0h 4m 47s)

---------------  T H R E A D  ---------------

Current thread (0x000001d1b2d18000):  JavaThread "C2 CompilerThread2" daemon [_thread_in_native, id=15728, stack(0x0000001b12600000,0x0000001b12700000)]


Current CompileTask:
C2: 287742 19607       4       org.gradle.internal.operations.DefaultBuildOperationRunner::execute (147 bytes)

Stack: [0x0000001b12600000,0x0000001b12700000]
Native frames: (J=compiled Java code, j=interpreted, Vv=VM code, C=native code)
V  [jvm.dll+0x6100fa]
V  [jvm.dll+0x747090]
V  [jvm.dll+0x7486ad]
V  [jvm.dll+0x748d83]
V  [jvm.dll+0x24ab48]
V  [jvm.dll+0xc04dc]
V  [jvm.dll+0xc0a0c]
V  [jvm.dll+0x35eb5b]
V  [jvm.dll+0x32b833]
V  [jvm.dll+0x32ad2a]
V  [jvm.dll+0x2032b2]
V  [jvm.dll+0x202437]
V  [jvm.dll+0x188e01]
V  [jvm.dll+0x21106b]
V  [jvm.dll+0x20f8c1]
V  [jvm.dll+0x70de0f]
V  [jvm.dll+0x706a75]
V  [jvm.dll+0x60ed66]
C  [ucrtbase.dll+0x29363]
C  [KERNEL32.DLL+0x1257d]
C  [ntdll.dll+0x5aa78]


---------------  P R O C E S S  ---------------

Threads class SMR info:
_java_thread_list=0x000001d1b5ae8460, length=131, elements={
0x000001d1920ea800, 0x000001d1ace02000, 0x000001d1ace04000, 0x000001d1ace73800,
0x000001d1ace78000, 0x000001d1ace79000, 0x000001d1ace7d800, 0x000001d1ace81000,
0x000001d1ace96800, 0x000001d1ad018000, 0x000001d1af537800, 0x000001d1af136800,
0x000001d1ae35b000, 0x000001d1af7b6000, 0x000001d1af7b5000, 0x000001d1af7b7000,
0x000001d1af7b7800, 0x000001d1af7b3800, 0x000001d1b3aaf000, 0x000001d1b3aab800,
0x000001d1b3aaf800, 0x000001d1b3ab1800, 0x000001d1b3aac800, 0x000001d1aea14800,
0x000001d1aea1b000, 0x000001d1aea15800, 0x000001d1aea1c000, 0x000001d1ae5df000,
0x000001d1ae5dd800, 0x000001d1b59aa000, 0x000001d1b59af000, 0x000001d1b59af800,
0x000001d1b59b6000, 0x000001d1b59b7000, 0x000001d1b4c9f800, 0x000001d1b3728000,
0x000001d1b371e800, 0x000001d1b371f000, 0x000001d1b3720000, 0x000001d1b3721000,
0x000001d1b371b000, 0x000001d1b371d000, 0x000001d1b3721800, 0x000001d1b371c000,
0x000001d1b3722800, 0x000001d1b3723800, 0x000001d1b371d800, 0x000001d1b3729000,
0x000001d1b372a000, 0x000001d1b3725000, 0x000001d1b3725800, 0x000001d1b3724000,
0x000001d1b3726800, 0x000001d1b3727800, 0x000001d1b4ca0800, 0x000001d1b4ca2000,
0x000001d1b4c9e800, 0x000001d1b4c9c000, 0x000001d1b4ca3000, 0x000001d1b4c9e000,
0x000001d1b4ca1000, 0x000001d1b4c9d000, 0x000001d1b4ca9800, 0x000001d1b4ca8800,
0x000001d1b4ca7000, 0x000001d1b4ca3800, 0x000001d1b4ca7800, 0x000001d1b4caa000,
0x000001d1b4ca4800, 0x000001d1b4ca5000, 0x000001d1b4cab000, 0x000001d1b4ca6000,
0x000001d1ae5e0800, 0x000001d1ae5e0000, 0x000001d1ae5dc000, 0x000001d1ae5db000,
0x000001d1ae5e2800, 0x000001d1ae5e1800, 0x000001d1ae5dc800, 0x000001d1ae5e3000,
0x000001d1ae5e4000, 0x000001d1ae5de000, 0x000001d1ae5e9000, 0x000001d1ae5e5000,
0x000001d1ae5e5800, 0x000001d1ae5e6800, 0x000001d1ae5e7000, 0x000001d1ae5e8000,
0x000001d1aea10000, 0x000001d1aea0f000, 0x000001d1aea10800, 0x000001d1aea0d800,
0x000001d1aea11800, 0x000001d1aea0e000, 0x000001d1aea16800, 0x000001d1aea13000,
0x000001d1aea12000, 0x000001d1aea17000, 0x000001d1aea18000, 0x000001d1aea19000,
0x000001d1aea19800, 0x000001d1aea14000, 0x000001d1aea1a800, 0x000001d1b59ac800,
0x000001d1b59ab000, 0x000001d1b59ae000, 0x000001d1b59a8800, 0x000001d1b59ab800,
0x000001d1b59ad000, 0x000001d1b59a9000, 0x000001d1b59b4800, 0x000001d1b59b5800,
0x000001d1b59b0800, 0x000001d1b59b1800, 0x000001d1b59b2000, 0x000001d1b59b3800,
0x000001d1b3ab7000, 0x000001d1b3ab8000, 0x000001d1b3ab3000, 0x000001d1b3ab2000,
0x000001d1b3ab6000, 0x000001d1b3ab8800, 0x000001d1b3ab5800, 0x000001d1b3ab9800,
0x000001d1b3ab4000, 0x000001d1af7b2000, 0x000001d1af7b8800, 0x000001d1af7b2800,
0x000001d1af7b4800, 0x000001d1b2d14800, 0x000001d1b2d18000
}

Java Threads: ( => current thread )
  0x000001d1920ea800 JavaThread "main" [_thread_blocked, id=19604, stack(0x0000001b0a300000,0x0000001b0a400000)]
  0x000001d1ace02000 JavaThread "Reference Handler" daemon [_thread_blocked, id=20848, stack(0x0000001b0aa00000,0x0000001b0ab00000)]
  0x000001d1ace04000 JavaThread "Finalizer" daemon [_thread_blocked, id=18848, stack(0x0000001b0ab00000,0x0000001b0ac00000)]
  0x000001d1ace73800 JavaThread "Signal Dispatcher" daemon [_thread_blocked, id=2016, stack(0x0000001b0ac00000,0x0000001b0ad00000)]
  0x000001d1ace78000 JavaThread "Attach Listener" daemon [_thread_blocked, id=4728, stack(0x0000001b0ad00000,0x0000001b0ae00000)]
  0x000001d1ace79000 JavaThread "Service Thread" daemon [_thread_blocked, id=14452, stack(0x0000001b0ae00000,0x0000001b0af00000)]
  0x000001d1ace7d800 JavaThread "C2 CompilerThread0" daemon [_thread_in_native, id=20084, stack(0x0000001b0af00000,0x0000001b0b000000)]
  0x000001d1ace81000 JavaThread "C1 CompilerThread0" daemon [_thread_blocked, id=17544, stack(0x0000001b0b000000,0x0000001b0b100000)]
  0x000001d1ace96800 JavaThread "Sweeper thread" daemon [_thread_blocked, id=13228, stack(0x0000001b0b100000,0x0000001b0b200000)]
  0x000001d1ad018000 JavaThread "Common-Cleaner" daemon [_thread_blocked, id=1228, stack(0x0000001b0b200000,0x0000001b0b300000)]
  0x000001d1af537800 JavaThread "Daemon health stats" [_thread_blocked, id=6392, stack(0x0000001b0bb00000,0x0000001b0bc00000)]
  0x000001d1af136800 JavaThread "Incoming local TCP Connector on port 9187" [_thread_in_native, id=11012, stack(0x0000001b0b400000,0x0000001b0b500000)]
  0x000001d1ae35b000 JavaThread "Daemon periodic checks" [_thread_blocked, id=2020, stack(0x0000001b0b500000,0x0000001b0b600000)]
  0x000001d1af7b6000 JavaThread "Cache worker for journal cache (C:\CookAndroid\.gradle\caches\journal-1)" [_thread_blocked, id=21204, stack(0x0000001b0c500000,0x0000001b0c600000)]
  0x000001d1af7b5000 JavaThread "File lock request listener" [_thread_in_native, id=9396, stack(0x0000001b0c600000,0x0000001b0c700000)]
  0x000001d1af7b7000 JavaThread "Cache worker for file hash cache (C:\CookAndroid\.gradle\caches\7.4\fileHashes)" [_thread_blocked, id=12648, stack(0x0000001b0c700000,0x0000001b0c800000)]
  0x000001d1af7b7800 JavaThread "File watcher server" daemon [_thread_in_native, id=11620, stack(0x0000001b0cb00000,0x0000001b0cc00000)]
  0x000001d1af7b3800 JavaThread "File watcher consumer" daemon [_thread_blocked, id=21692, stack(0x0000001b0cc00000,0x0000001b0cd00000)]
  0x000001d1b3aaf000 JavaThread "Cache worker for execution history cache (C:\CookAndroid\.gradle\caches\7.4\executionHistory)" [_thread_blocked, id=22300, stack(0x0000001b0d100000,0x0000001b0d200000)]
  0x000001d1b3aab800 JavaThread "jar transforms" [_thread_blocked, id=11116, stack(0x0000001b0d200000,0x0000001b0d300000)]
  0x000001d1b3aaf800 JavaThread "Cache worker for file content cache (C:\CookAndroid\.gradle\caches\7.4\fileContent)" [_thread_blocked, id=16064, stack(0x0000001b0d300000,0x0000001b0d400000)]
  0x000001d1b3ab1800 JavaThread "jar transforms Thread 2" [_thread_blocked, id=17972, stack(0x0000001b0d400000,0x0000001b0d500000)]
  0x000001d1b3aac800 JavaThread "jar transforms Thread 3" [_thread_blocked, id=19700, stack(0x0000001b0d600000,0x0000001b0d700000)]
  0x000001d1aea14800 JavaThread "jar transforms Thread 4" [_thread_blocked, id=22356, stack(0x0000001b12800000,0x0000001b12900000)]
  0x000001d1aea1b000 JavaThread "jar transforms Thread 5" [_thread_blocked, id=18976, stack(0x0000001b12900000,0x0000001b12a00000)]
  0x000001d1aea15800 JavaThread "jar transforms Thread 6" [_thread_blocked, id=22124, stack(0x0000001b12a00000,0x0000001b12b00000)]
  0x000001d1aea1c000 JavaThread "jar transforms Thread 7" [_thread_blocked, id=10024, stack(0x0000001b12b00000,0x0000001b12c00000)]
  0x000001d1ae5df000 JavaThread "jar transforms Thread 8" [_thread_blocked, id=17396, stack(0x0000001b12c00000,0x0000001b12d00000)]
  0x000001d1ae5dd800 JavaThread "Memory manager" [_thread_blocked, id=17672, stack(0x0000001b12d00000,0x0000001b12e00000)]
  0x000001d1b59aa000 JavaThread "Cache worker for Java compile cache (C:\CookAndroid\.gradle\caches\7.4\javaCompile)" [_thread_blocked, id=19652, stack(0x0000001b13f00000,0x0000001b14000000)]
  0x000001d1b59af000 JavaThread "ForkJoinPool.commonPool-worker-3" daemon [_thread_blocked, id=11476, stack(0x0000001b14c00000,0x0000001b14d00000)]
  0x000001d1b59af800 JavaThread "ForkJoinPool.commonPool-worker-7" daemon [_thread_blocked, id=11608, stack(0x0000001b14e00000,0x0000001b14f00000)]
  0x000001d1b59b6000 JavaThread "ForkJoinPool.commonPool-worker-9" daemon [_thread_blocked, id=18536, stack(0x0000001b14f00000,0x0000001b15000000)]
  0x000001d1b59b7000 JavaThread "ForkJoinPool.commonPool-worker-11" daemon [_thread_blocked, id=2284, stack(0x0000001b15000000,0x0000001b15100000)]
  0x000001d1b4c9f800 JavaThread "ForkJoinPool.commonPool-worker-13" daemon [_thread_blocked, id=20164, stack(0x0000001b15100000,0x0000001b15200000)]
  0x000001d1b3728000 JavaThread "ForkJoinPool.commonPool-worker-1" daemon [_thread_blocked, id=900, stack(0x0000001b14800000,0x0000001b14900000)]
  0x000001d1b371e800 JavaThread "Daemon Thread 3" [_thread_blocked, id=17748, stack(0x0000001b0a000000,0x0000001b0a100000)]
  0x000001d1b371f000 JavaThread "Handler for socket connection from /127.0.0.1:9187 to /127.0.0.1:10434" [_thread_in_native, id=21172, stack(0x0000001b0a100000,0x0000001b0a200000)]
  0x000001d1b3720000 JavaThread "Cancel handler" [_thread_blocked, id=8120, stack(0x0000001b0a200000,0x0000001b0a300000)]
  0x000001d1b3721000 JavaThread "Daemon worker Thread 3" [_thread_in_Java, id=13032, stack(0x0000001b0bc00000,0x0000001b0bd00000)]
  0x000001d1b371b000 JavaThread "Asynchronous log dispatcher for DefaultDaemonConnection: socket connection from /127.0.0.1:9187 to /127.0.0.1:10434" [_thread_blocked, id=22408, stack(0x0000001b0bd00000,0x0000001b0be00000)]
  0x000001d1b371d000 JavaThread "Stdin handler" [_thread_blocked, id=15232, stack(0x0000001b0be00000,0x0000001b0bf00000)]
  0x000001d1b3721800 JavaThread "Daemon client event forwarder" [_thread_blocked, id=18672, stack(0x0000001b0bf00000,0x0000001b0c000000)]
  0x000001d1b371c000 JavaThread "Cache worker for checksums cache (C:\CookAndroid\Project\Infinite_Stairs\.gradle\7.4\checksums)" [_thread_blocked, id=17592, stack(0x0000001b0c000000,0x0000001b0c100000)]
  0x000001d1b3722800 JavaThread "Cache worker for cache directory md-rule (C:\CookAndroid\.gradle\caches\7.4\md-rule)" [_thread_blocked, id=22284, stack(0x0000001b0c100000,0x0000001b0c200000)]
  0x000001d1b3723800 JavaThread "Cache worker for file hash cache (C:\CookAndroid\Project\Infinite_Stairs\.gradle\7.4\fileHashes)" [_thread_blocked, id=16504, stack(0x0000001b0c200000,0x0000001b0c300000)]
  0x000001d1b371d800 JavaThread "Cache worker for cache directory md-supplier (C:\CookAndroid\.gradle\caches\7.4\md-supplier)" [_thread_blocked, id=20000, stack(0x0000001b0c900000,0x0000001b0ca00000)]
  0x000001d1b3729000 JavaThread "Cache worker for dependencies-accessors (C:\CookAndroid\Project\Infinite_Stairs\.gradle\7.4\dependencies-accessors)" [_thread_blocked, id=6936, stack(0x0000001b0ca00000,0x0000001b0cb00000)]
  0x000001d1b372a000 JavaThread "Cache worker for Build Output Cleanup Cache (C:\CookAndroid\Project\Infinite_Stairs\.gradle\buildOutputCleanup)" [_thread_blocked, id=5312, stack(0x0000001b0ce00000,0x0000001b0cf00000)]
  0x000001d1b3725000 JavaThread "Unconstrained build operations" [_thread_blocked, id=2196, stack(0x0000001b0cf00000,0x0000001b0d000000)]
  0x000001d1b3725800 JavaThread "Unconstrained build operations Thread 2" [_thread_blocked, id=19632, stack(0x0000001b0d000000,0x0000001b0d100000)]
  0x000001d1b3724000 JavaThread "Unconstrained build operations Thread 3" [_thread_blocked, id=11072, stack(0x0000001b0d500000,0x0000001b0d600000)]
  0x000001d1b3726800 JavaThread "Unconstrained build operations Thread 4" [_thread_blocked, id=5400, stack(0x0000001b0d700000,0x0000001b0d800000)]
  0x000001d1b3727800 JavaThread "Unconstrained build operations Thread 5" [_thread_blocked, id=20296, stack(0x0000001b0d800000,0x0000001b0d900000)]
  0x000001d1b4ca0800 JavaThread "Unconstrained build operations Thread 6" [_thread_blocked, id=16904, stack(0x0000001b0d900000,0x0000001b0da00000)]
  0x000001d1b4ca2000 JavaThread "Unconstrained build operations Thread 7" [_thread_blocked, id=19104, stack(0x0000001b0da00000,0x0000001b0db00000)]
  0x000001d1b4c9e800 JavaThread "Unconstrained build operations Thread 8" [_thread_blocked, id=11288, stack(0x0000001b0db00000,0x0000001b0dc00000)]
  0x000001d1b4c9c000 JavaThread "Unconstrained build operations Thread 9" [_thread_blocked, id=3528, stack(0x0000001b0dc00000,0x0000001b0dd00000)]
  0x000001d1b4ca3000 JavaThread "Unconstrained build operations Thread 10" [_thread_blocked, id=19324, stack(0x0000001b0dd00000,0x0000001b0de00000)]
  0x000001d1b4c9e000 JavaThread "Unconstrained build operations Thread 11" [_thread_blocked, id=19840, stack(0x0000001b0de00000,0x0000001b0df00000)]
  0x000001d1b4ca1000 JavaThread "Unconstrained build operations Thread 12" [_thread_blocked, id=19920, stack(0x0000001b0df00000,0x0000001b0e000000)]
  0x000001d1b4c9d000 JavaThread "Unconstrained build operations Thread 13" [_thread_blocked, id=14468, stack(0x0000001b0e000000,0x0000001b0e100000)]
  0x000001d1b4ca9800 JavaThread "Unconstrained build operations Thread 14" [_thread_blocked, id=22368, stack(0x0000001b0e100000,0x0000001b0e200000)]
  0x000001d1b4ca8800 JavaThread "Unconstrained build operations Thread 15" [_thread_blocked, id=8856, stack(0x0000001b0e200000,0x0000001b0e300000)]
  0x000001d1b4ca7000 JavaThread "Unconstrained build operations Thread 16" [_thread_blocked, id=20660, stack(0x0000001b0e300000,0x0000001b0e400000)]
  0x000001d1b4ca3800 JavaThread "Unconstrained build operations Thread 17" [_thread_blocked, id=15340, stack(0x0000001b0e400000,0x0000001b0e500000)]
  0x000001d1b4ca7800 JavaThread "Unconstrained build operations Thread 18" [_thread_blocked, id=6812, stack(0x0000001b0e500000,0x0000001b0e600000)]
  0x000001d1b4caa000 JavaThread "Unconstrained build operations Thread 19" [_thread_blocked, id=20076, stack(0x0000001b0e600000,0x0000001b0e700000)]
  0x000001d1b4ca4800 JavaThread "Unconstrained build operations Thread 20" [_thread_blocked, id=20332, stack(0x0000001b0e700000,0x0000001b0e800000)]
  0x000001d1b4ca5000 JavaThread "Unconstrained build operations Thread 21" [_thread_blocked, id=10744, stack(0x0000001b0e800000,0x0000001b0e900000)]
  0x000001d1b4cab000 JavaThread "Unconstrained build operations Thread 22" [_thread_blocked, id=12468, stack(0x0000001b0e900000,0x0000001b0ea00000)]
  0x000001d1b4ca6000 JavaThread "Unconstrained build operations Thread 23" [_thread_blocked, id=20044, stack(0x0000001b0ea00000,0x0000001b0eb00000)]
  0x000001d1ae5e0800 JavaThread "Unconstrained build operations Thread 24" [_thread_blocked, id=20468, stack(0x0000001b0eb00000,0x0000001b0ec00000)]
  0x000001d1ae5e0000 JavaThread "Unconstrained build operations Thread 25" [_thread_blocked, id=14792, stack(0x0000001b0ec00000,0x0000001b0ed00000)]
  0x000001d1ae5dc000 JavaThread "Unconstrained build operations Thread 26" [_thread_blocked, id=4328, stack(0x0000001b0ed00000,0x0000001b0ee00000)]
  0x000001d1ae5db000 JavaThread "Unconstrained build operations Thread 27" [_thread_blocked, id=17068, stack(0x0000001b0ee00000,0x0000001b0ef00000)]
  0x000001d1ae5e2800 JavaThread "Unconstrained build operations Thread 28" [_thread_blocked, id=18636, stack(0x0000001b0ef00000,0x0000001b0f000000)]
  0x000001d1ae5e1800 JavaThread "Unconstrained build operations Thread 29" [_thread_blocked, id=11884, stack(0x0000001b0f000000,0x0000001b0f100000)]
  0x000001d1ae5dc800 JavaThread "Unconstrained build operations Thread 30" [_thread_blocked, id=17800, stack(0x0000001b0f100000,0x0000001b0f200000)]
  0x000001d1ae5e3000 JavaThread "Unconstrained build operations Thread 31" [_thread_blocked, id=7764, stack(0x0000001b0f200000,0x0000001b0f300000)]
  0x000001d1ae5e4000 JavaThread "Unconstrained build operations Thread 32" [_thread_blocked, id=2276, stack(0x0000001b0f300000,0x0000001b0f400000)]
  0x000001d1ae5de000 JavaThread "Unconstrained build operations Thread 33" [_thread_blocked, id=2152, stack(0x0000001b0f400000,0x0000001b0f500000)]
  0x000001d1ae5e9000 JavaThread "Unconstrained build operations Thread 34" [_thread_blocked, id=5584, stack(0x0000001b0f500000,0x0000001b0f600000)]
  0x000001d1ae5e5000 JavaThread "Unconstrained build operations Thread 35" [_thread_blocked, id=17788, stack(0x0000001b0f600000,0x0000001b0f700000)]
  0x000001d1ae5e5800 JavaThread "Unconstrained build operations Thread 36" [_thread_blocked, id=9296, stack(0x0000001b0f700000,0x0000001b0f800000)]
  0x000001d1ae5e6800 JavaThread "Unconstrained build operations Thread 37" [_thread_blocked, id=21540, stack(0x0000001b0f800000,0x0000001b0f900000)]
  0x000001d1ae5e7000 JavaThread "Unconstrained build operations Thread 38" [_thread_blocked, id=18996, stack(0x0000001b0f900000,0x0000001b0fa00000)]
  0x000001d1ae5e8000 JavaThread "Unconstrained build operations Thread 39" [_thread_blocked, id=21196, stack(0x0000001b0fa00000,0x0000001b0fb00000)]
  0x000001d1aea10000 JavaThread "Unconstrained build operations Thread 40" [_thread_blocked, id=14916, stack(0x0000001b0fb00000,0x0000001b0fc00000)]
  0x000001d1aea0f000 JavaThread "Unconstrained build operations Thread 41" [_thread_blocked, id=15104, stack(0x0000001b0fc00000,0x0000001b0fd00000)]
  0x000001d1aea10800 JavaThread "Unconstrained build operations Thread 42" [_thread_blocked, id=21936, stack(0x0000001b0fd00000,0x0000001b0fe00000)]
  0x000001d1aea0d800 JavaThread "Unconstrained build operations Thread 43" [_thread_blocked, id=11004, stack(0x0000001b0fe00000,0x0000001b0ff00000)]
  0x000001d1aea11800 JavaThread "Unconstrained build operations Thread 44" [_thread_blocked, id=19848, stack(0x0000001b0ff00000,0x0000001b10000000)]
  0x000001d1aea0e000 JavaThread "Unconstrained build operations Thread 45" [_thread_blocked, id=6728, stack(0x0000001b10000000,0x0000001b10100000)]
  0x000001d1aea16800 JavaThread "Unconstrained build operations Thread 46" [_thread_blocked, id=2280, stack(0x0000001b10100000,0x0000001b10200000)]
  0x000001d1aea13000 JavaThread "Unconstrained build operations Thread 47" [_thread_blocked, id=16860, stack(0x0000001b10200000,0x0000001b10300000)]
  0x000001d1aea12000 JavaThread "Unconstrained build operations Thread 48" [_thread_blocked, id=10260, stack(0x0000001b10300000,0x0000001b10400000)]
  0x000001d1aea17000 JavaThread "Unconstrained build operations Thread 49" [_thread_blocked, id=8876, stack(0x0000001b10400000,0x0000001b10500000)]
  0x000001d1aea18000 JavaThread "Unconstrained build operations Thread 50" [_thread_blocked, id=21176, stack(0x0000001b10500000,0x0000001b10600000)]
  0x000001d1aea19000 JavaThread "Unconstrained build operations Thread 51" [_thread_blocked, id=9164, stack(0x0000001b10600000,0x0000001b10700000)]
  0x000001d1aea19800 JavaThread "Unconstrained build operations Thread 52" [_thread_blocked, id=21184, stack(0x0000001b10700000,0x0000001b10800000)]
  0x000001d1aea14000 JavaThread "Unconstrained build operations Thread 53" [_thread_blocked, id=20264, stack(0x0000001b10800000,0x0000001b10900000)]
  0x000001d1aea1a800 JavaThread "Unconstrained build operations Thread 54" [_thread_blocked, id=512, stack(0x0000001b10900000,0x0000001b10a00000)]
  0x000001d1b59ac800 JavaThread "Unconstrained build operations Thread 55" [_thread_blocked, id=22432, stack(0x0000001b10a00000,0x0000001b10b00000)]
  0x000001d1b59ab000 JavaThread "Unconstrained build operations Thread 56" [_thread_blocked, id=7052, stack(0x0000001b10b00000,0x0000001b10c00000)]
  0x000001d1b59ae000 JavaThread "Unconstrained build operations Thread 57" [_thread_blocked, id=18368, stack(0x0000001b10c00000,0x0000001b10d00000)]
  0x000001d1b59a8800 JavaThread "Unconstrained build operations Thread 58" [_thread_blocked, id=16332, stack(0x0000001b10d00000,0x0000001b10e00000)]
  0x000001d1b59ab800 JavaThread "Unconstrained build operations Thread 59" [_thread_blocked, id=19988, stack(0x0000001b10e00000,0x0000001b10f00000)]
  0x000001d1b59ad000 JavaThread "Unconstrained build operations Thread 60" [_thread_blocked, id=16704, stack(0x0000001b10f00000,0x0000001b11000000)]
  0x000001d1b59a9000 JavaThread "Unconstrained build operations Thread 61" [_thread_blocked, id=19436, stack(0x0000001b11000000,0x0000001b11100000)]
  0x000001d1b59b4800 JavaThread "Unconstrained build operations Thread 62" [_thread_blocked, id=16816, stack(0x0000001b11100000,0x0000001b11200000)]
  0x000001d1b59b5800 JavaThread "Unconstrained build operations Thread 63" [_thread_blocked, id=19732, stack(0x0000001b11200000,0x0000001b11300000)]
  0x000001d1b59b0800 JavaThread "Unconstrained build operations Thread 64" [_thread_blocked, id=17496, stack(0x0000001b11300000,0x0000001b11400000)]
  0x000001d1b59b1800 JavaThread "Unconstrained build operations Thread 65" [_thread_blocked, id=19276, stack(0x0000001b11400000,0x0000001b11500000)]
  0x000001d1b59b2000 JavaThread "Unconstrained build operations Thread 66" [_thread_blocked, id=20096, stack(0x0000001b11500000,0x0000001b11600000)]
  0x000001d1b59b3800 JavaThread "Unconstrained build operations Thread 67" [_thread_blocked, id=20956, stack(0x0000001b11600000,0x0000001b11700000)]
  0x000001d1b3ab7000 JavaThread "Unconstrained build operations Thread 68" [_thread_blocked, id=16604, stack(0x0000001b11700000,0x0000001b11800000)]
  0x000001d1b3ab8000 JavaThread "Unconstrained build operations Thread 69" [_thread_blocked, id=19584, stack(0x0000001b11800000,0x0000001b11900000)]
  0x000001d1b3ab3000 JavaThread "Unconstrained build operations Thread 70" [_thread_blocked, id=21604, stack(0x0000001b11900000,0x0000001b11a00000)]
  0x000001d1b3ab2000 JavaThread "Unconstrained build operations Thread 71" [_thread_blocked, id=8184, stack(0x0000001b11a00000,0x0000001b11b00000)]
  0x000001d1b3ab6000 JavaThread "Unconstrained build operations Thread 72" [_thread_blocked, id=21668, stack(0x0000001b11b00000,0x0000001b11c00000)]
  0x000001d1b3ab8800 JavaThread "Unconstrained build operations Thread 73" [_thread_blocked, id=11000, stack(0x0000001b11c00000,0x0000001b11d00000)]
  0x000001d1b3ab5800 JavaThread "Unconstrained build operations Thread 74" [_thread_blocked, id=16480, stack(0x0000001b11d00000,0x0000001b11e00000)]
  0x000001d1b3ab9800 JavaThread "Unconstrained build operations Thread 75" [_thread_blocked, id=5944, stack(0x0000001b11e00000,0x0000001b11f00000)]
  0x000001d1b3ab4000 JavaThread "Unconstrained build operations Thread 76" [_thread_blocked, id=16856, stack(0x0000001b11f00000,0x0000001b12000000)]
  0x000001d1af7b2000 JavaThread "Unconstrained build operations Thread 77" [_thread_blocked, id=17736, stack(0x0000001b12000000,0x0000001b12100000)]
  0x000001d1af7b8800 JavaThread "Unconstrained build operations Thread 78" [_thread_blocked, id=2936, stack(0x0000001b12100000,0x0000001b12200000)]
  0x000001d1af7b2800 JavaThread "Unconstrained build operations Thread 79" [_thread_blocked, id=10276, stack(0x0000001b12200000,0x0000001b12300000)]
  0x000001d1af7b4800 JavaThread "Unconstrained build operations Thread 80" [_thread_blocked, id=16120, stack(0x0000001b12300000,0x0000001b12400000)]
  0x000001d1b2d14800 JavaThread "C2 CompilerThread1" daemon [_thread_in_native, id=20720, stack(0x0000001b12400000,0x0000001b12500000)]
=>0x000001d1b2d18000 JavaThread "C2 CompilerThread2" daemon [_thread_in_native, id=15728, stack(0x0000001b12600000,0x0000001b12700000)]

Other Threads:
  0x000001d1acdfa800 VMThread "VM Thread" [stack: 0x0000001b0a900000,0x0000001b0aa00000] [id=22476]
  0x000001d1ad03c800 WatcherThread [stack: 0x0000001b0b300000,0x0000001b0b400000] [id=18916]
  0x000001d192104800 GCTaskThread "GC Thread#0" [stack: 0x0000001b0a400000,0x0000001b0a500000] [id=17996]
  0x000001d1addc8000 GCTaskThread "GC Thread#1" [stack: 0x0000001b0b600000,0x0000001b0b700000] [id=10208]
  0x000001d1ade56000 GCTaskThread "GC Thread#2" [stack: 0x0000001b0b700000,0x0000001b0b800000] [id=18736]
  0x000001d1ae3cf000 GCTaskThread "GC Thread#3" [stack: 0x0000001b0b800000,0x0000001b0b900000] [id=5804]
  0x000001d1ae0e2000 GCTaskThread "GC Thread#4" [stack: 0x0000001b0b900000,0x0000001b0ba00000] [id=13840]
  0x000001d1ae5d9000 GCTaskThread "GC Thread#5" [stack: 0x0000001b0ba00000,0x0000001b0bb00000] [id=13772]
  0x000001d1ae779000 GCTaskThread "GC Thread#6" [stack: 0x0000001b0c300000,0x0000001b0c400000] [id=18964]
  0x000001d1af3a4000 GCTaskThread "GC Thread#7" [stack: 0x0000001b0c400000,0x0000001b0c500000] [id=18596]
  0x000001d192134800 ConcurrentGCThread "G1 Main Marker" [stack: 0x0000001b0a500000,0x0000001b0a600000] [id=10868]
  0x000001d192136000 ConcurrentGCThread "G1 Conc#0" [stack: 0x0000001b0a600000,0x0000001b0a700000] [id=3136]
  0x000001d1af68c800 ConcurrentGCThread "G1 Conc#1" [stack: 0x0000001b0c800000,0x0000001b0c900000] [id=22352]
  0x000001d1ac449800 ConcurrentGCThread "G1 Refine#0" [stack: 0x0000001b0a700000,0x0000001b0a800000] [id=14720]
  0x000001d1ad128800 ConcurrentGCThread "G1 Refine#1" [stack: 0x0000001b0cd00000,0x0000001b0ce00000] [id=18328]
  0x000001d1b07ea000 ConcurrentGCThread "G1 Refine#2" [stack: 0x0000001b12500000,0x0000001b12600000] [id=18724]
  0x000001d1ac44a800 ConcurrentGCThread "G1 Young RemSet Sampling" [stack: 0x0000001b0a800000,0x0000001b0a900000] [id=6404]

Threads with active compile tasks:
C2 CompilerThread0 287768 19678       4       org.gradle.internal.graph.CachingDirectedGraphWalker::doSearch (659 bytes)
C2 CompilerThread1 287768 19707       4       com.sun.org.apache.xerces.internal.util.SymbolTable::hash (53 bytes)
C2 CompilerThread2 287768 19607       4       org.gradle.internal.operations.DefaultBuildOperationRunner::execute (147 bytes)

VM state:not at safepoint (normal execution)

VM Mutex/Monitor currently owned by a thread: None

Heap address: 0x0000000080000000, size: 2048 MB, Compressed Oops mode: 32-bit
Narrow klass base: 0x0000000000000000, Narrow klass shift: 3
Compressed class space size: 1073741824 Address: 0x0000000100000000

Heap:
 garbage-first heap   total 258048K, used 146496K [0x0000000080000000, 0x0000000100000000)
  region size 1024K, 35 young (35840K), 2 survivors (2048K)
 Metaspace       used 120328K, capacity 123642K, committed 127368K, reserved 1159168K
  class space    used 15213K, capacity 16471K, committed 17952K, reserved 1048576K
Heap Regions: E=young(eden), S=young(survivor), O=old, HS=humongous(starts), HC=humongous(continues), CS=collection set, F=free, A=archive, TAMS=top-at-mark-start (previous, next)
|   0|0x0000000080000000, 0x0000000080100000, 0x0000000080100000|100%| O|  |TAMS 0x0000000080100000, 0x0000000080000000| Untracked 
|   1|0x0000000080100000, 0x0000000080200000, 0x0000000080200000|100%| O|  |TAMS 0x0000000080200000, 0x0000000080100000| Untracked 
|   2|0x0000000080200000, 0x0000000080300000, 0x0000000080300000|100%| O|  |TAMS 0x0000000080300000, 0x0000000080200000| Untracked 
|   3|0x0000000080300000, 0x0000000080400000, 0x0000000080400000|100%|HS|  |TAMS 0x0000000080400000, 0x0000000080300000| Complete 
|   4|0x0000000080400000, 0x0000000080500000, 0x0000000080500000|100%|HC|  |TAMS 0x0000000080500000, 0x0000000080400000| Complete 
|   5|0x0000000080500000, 0x0000000080600000, 0x0000000080600000|100%|HC|  |TAMS 0x0000000080600000, 0x0000000080500000| Complete 
|   6|0x0000000080600000, 0x0000000080700000, 0x0000000080700000|100%| O|  |TAMS 0x0000000080700000, 0x0000000080600000| Untracked 
|   7|0x0000000080700000, 0x0000000080800000, 0x0000000080800000|100%| O|  |TAMS 0x0000000080800000, 0x0000000080700000| Untracked 
|   8|0x0000000080800000, 0x0000000080900000, 0x0000000080900000|100%| O|  |TAMS 0x0000000080900000, 0x0000000080800000| Untracked 
|   9|0x0000000080900000, 0x0000000080a00000, 0x0000000080a00000|100%| O|  |TAMS 0x0000000080a00000, 0x0000000080900000| Untracked 
|  10|0x0000000080a00000, 0x0000000080b00000, 0x0000000080b00000|100%| O|  |TAMS 0x0000000080b00000, 0x0000000080a00000| Untracked 
|  11|0x0000000080b00000, 0x0000000080c00000, 0x0000000080c00000|100%| O|  |TAMS 0x0000000080c00000, 0x0000000080b00000| Untracked 
|  12|0x0000000080c00000, 0x0000000080d00000, 0x0000000080d00000|100%| O|  |TAMS 0x0000000080d00000, 0x0000000080c00000| Untracked 
|  13|0x0000000080d00000, 0x0000000080e00000, 0x0000000080e00000|100%| O|  |TAMS 0x0000000080e00000, 0x0000000080d00000| Untracked 
|  14|0x0000000080e00000, 0x0000000080f00000, 0x0000000080f00000|100%| O|  |TAMS 0x0000000080f00000, 0x0000000080e00000| Untracked 
|  15|0x0000000080f00000, 0x0000000081000000, 0x0000000081000000|100%| O|  |TAMS 0x0000000081000000, 0x0000000080f00000| Untracked 
|  16|0x0000000081000000, 0x0000000081100000, 0x0000000081100000|100%|HS|  |TAMS 0x0000000081100000, 0x0000000081000000| Complete 
|  17|0x0000000081100000, 0x0000000081200000, 0x0000000081200000|100%|HS|  |TAMS 0x0000000081200000, 0x0000000081100000| Complete 
|  18|0x0000000081200000, 0x0000000081300000, 0x0000000081300000|100%| O|  |TAMS 0x0000000081300000, 0x0000000081200000| Untracked 
|  19|0x0000000081300000, 0x0000000081400000, 0x0000000081400000|100%|HS|  |TAMS 0x0000000081400000, 0x0000000081300000| Complete 
|  20|0x0000000081400000, 0x0000000081500000, 0x0000000081500000|100%|HC|  |TAMS 0x0000000081500000, 0x0000000081400000| Complete 
|  21|0x0000000081500000, 0x0000000081600000, 0x0000000081600000|100%| O|  |TAMS 0x0000000081600000, 0x0000000081500000| Untracked 
|  22|0x0000000081600000, 0x0000000081700000, 0x0000000081700000|100%| O|  |TAMS 0x0000000081700000, 0x0000000081600000| Untracked 
|  23|0x0000000081700000, 0x0000000081800000, 0x0000000081800000|100%| O|  |TAMS 0x0000000081800000, 0x0000000081700000| Untracked 
|  24|0x0000000081800000, 0x0000000081900000, 0x0000000081900000|100%| O|  |TAMS 0x0000000081900000, 0x0000000081800000| Untracked 
|  25|0x0000000081900000, 0x0000000081a00000, 0x0000000081a00000|100%| O|  |TAMS 0x0000000081a00000, 0x0000000081900000| Untracked 
|  26|0x0000000081a00000, 0x0000000081b00000, 0x0000000081b00000|100%| O|  |TAMS 0x0000000081b00000, 0x0000000081a00000| Untracked 
|  27|0x0000000081b00000, 0x0000000081c00000, 0x0000000081c00000|100%| O|  |TAMS 0x0000000081c00000, 0x0000000081b00000| Untracked 
|  28|0x0000000081c00000, 0x0000000081d00000, 0x0000000081d00000|100%| O|  |TAMS 0x0000000081d00000, 0x0000000081c00000| Untracked 
|  29|0x0000000081d00000, 0x0000000081e00000, 0x0000000081e00000|100%| O|  |TAMS 0x0000000081e00000, 0x0000000081d00000| Untracked 
|  30|0x0000000081e00000, 0x0000000081f00000, 0x0000000081f00000|100%| O|  |TAMS 0x0000000081f00000, 0x0000000081e00000| Untracked 
|  31|0x0000000081f00000, 0x0000000082000000, 0x0000000082000000|100%| O|  |TAMS 0x0000000082000000, 0x0000000081f00000| Untracked 
|  32|0x0000000082000000, 0x0000000082100000, 0x0000000082100000|100%| O|  |TAMS 0x0000000082100000, 0x0000000082000000| Untracked 
|  33|0x0000000082100000, 0x0000000082200000, 0x0000000082200000|100%| O|  |TAMS 0x0000000082200000, 0x0000000082100000| Untracked 
|  34|0x0000000082200000, 0x0000000082300000, 0x0000000082300000|100%| O|  |TAMS 0x0000000082300000, 0x0000000082200000| Untracked 
|  35|0x0000000082300000, 0x0000000082400000, 0x0000000082400000|100%| O|  |TAMS 0x0000000082400000, 0x0000000082300000| Untracked 
|  36|0x0000000082400000, 0x0000000082500000, 0x0000000082500000|100%| O|  |TAMS 0x0000000082500000, 0x0000000082400000| Untracked 
|  37|0x0000000082500000, 0x0000000082600000, 0x0000000082600000|100%| O|  |TAMS 0x0000000082600000, 0x0000000082500000| Untracked 
|  38|0x0000000082600000, 0x0000000082700000, 0x0000000082700000|100%| O|  |TAMS 0x0000000082700000, 0x0000000082600000| Untracked 
|  39|0x0000000082700000, 0x0000000082800000, 0x0000000082800000|100%| O|  |TAMS 0x0000000082800000, 0x0000000082700000| Untracked 
|  40|0x0000000082800000, 0x0000000082900000, 0x0000000082900000|100%| O|  |TAMS 0x0000000082900000, 0x0000000082800000| Untracked 
|  41|0x0000000082900000, 0x0000000082a00000, 0x0000000082a00000|100%| O|  |TAMS 0x0000000082a00000, 0x0000000082900000| Untracked 
|  42|0x0000000082a00000, 0x0000000082b00000, 0x0000000082b00000|100%| O|  |TAMS 0x0000000082b00000, 0x0000000082a00000| Untracked 
|  43|0x0000000082b00000, 0x0000000082c00000, 0x0000000082c00000|100%| O|  |TAMS 0x0000000082c00000, 0x0000000082b00000| Untracked 
|  44|0x0000000082c00000, 0x0000000082d00000, 0x0000000082d00000|100%| O|  |TAMS 0x0000000082d00000, 0x0000000082c00000| Untracked 
|  45|0x0000000082d00000, 0x0000000082e00000, 0x0000000082e00000|100%| O|  |TAMS 0x0000000082e00000, 0x0000000082d00000| Untracked 
|  46|0x0000000082e00000, 0x0000000082f00000, 0x0000000082f00000|100%| O|  |TAMS 0x0000000082f00000, 0x0000000082e00000| Untracked 
|  47|0x0000000082f00000, 0x0000000083000000, 0x0000000083000000|100%| O|  |TAMS 0x0000000083000000, 0x0000000082f00000| Untracked 
|  48|0x0000000083000000, 0x0000000083100000, 0x0000000083100000|100%| O|  |TAMS 0x0000000083100000, 0x0000000083000000| Untracked 
|  49|0x0000000083100000, 0x0000000083100000, 0x0000000083200000|  0%| F|  |TAMS 0x0000000083100000, 0x0000000083100000| Untracked 
|  50|0x0000000083200000, 0x0000000083300000, 0x0000000083300000|100%| O|  |TAMS 0x0000000083300000, 0x0000000083200000| Untracked 
|  51|0x0000000083300000, 0x0000000083400000, 0x0000000083400000|100%| O|  |TAMS 0x0000000083400000, 0x0000000083300000| Untracked 
|  52|0x0000000083400000, 0x0000000083500000, 0x0000000083500000|100%| O|  |TAMS 0x0000000083500000, 0x0000000083400000| Untracked 
|  53|0x0000000083500000, 0x0000000083600000, 0x0000000083600000|100%| O|  |TAMS 0x0000000083600000, 0x0000000083500000| Untracked 
|  54|0x0000000083600000, 0x0000000083700000, 0x0000000083700000|100%| O|  |TAMS 0x0000000083700000, 0x0000000083600000| Untracked 
|  55|0x0000000083700000, 0x0000000083800000, 0x0000000083800000|100%| O|  |TAMS 0x0000000083800000, 0x0000000083700000| Untracked 
|  56|0x0000000083800000, 0x0000000083900000, 0x0000000083900000|100%| O|  |TAMS 0x0000000083900000, 0x0000000083800000| Untracked 
|  57|0x0000000083900000, 0x0000000083a00000, 0x0000000083a00000|100%| O|  |TAMS 0x0000000083a00000, 0x0000000083900000| Untracked 
|  58|0x0000000083a00000, 0x0000000083b00000, 0x0000000083b00000|100%| O|  |TAMS 0x0000000083b00000, 0x0000000083a00000| Untracked 
|  59|0x0000000083b00000, 0x0000000083c00000, 0x0000000083c00000|100%| O|  |TAMS 0x0000000083c00000, 0x0000000083b00000| Untracked 
|  60|0x0000000083c00000, 0x0000000083c00000, 0x0000000083d00000|  0%| F|  |TAMS 0x0000000083c00000, 0x0000000083c00000| Untracked 
|  61|0x0000000083d00000, 0x0000000083d00000, 0x0000000083e00000|  0%| F|  |TAMS 0x0000000083d00000, 0x0000000083d00000| Untracked 
|  62|0x0000000083e00000, 0x0000000083f00000, 0x0000000083f00000|100%| O|  |TAMS 0x0000000083f00000, 0x0000000083e00000| Untracked 
|  63|0x0000000083f00000, 0x0000000084000000, 0x0000000084000000|100%| O|  |TAMS 0x0000000084000000, 0x0000000083f00000| Untracked 
|  64|0x0000000084000000, 0x0000000084100000, 0x0000000084100000|100%| O|  |TAMS 0x0000000084100000, 0x0000000084000000| Untracked 
|  65|0x0000000084100000, 0x0000000084200000, 0x0000000084200000|100%| O|  |TAMS 0x0000000084200000, 0x0000000084100000| Untracked 
|  66|0x0000000084200000, 0x0000000084300000, 0x0000000084300000|100%| O|  |TAMS 0x0000000084300000, 0x0000000084200000| Untracked 
|  67|0x0000000084300000, 0x0000000084400000, 0x0000000084400000|100%| O|  |TAMS 0x0000000084400000, 0x0000000084300000| Untracked 
|  68|0x0000000084400000, 0x0000000084500000, 0x0000000084500000|100%| O|  |TAMS 0x0000000084500000, 0x0000000084400000| Untracked 
|  69|0x0000000084500000, 0x0000000084600000, 0x0000000084600000|100%| O|  |TAMS 0x0000000084600000, 0x0000000084500000| Untracked 
|  70|0x0000000084600000, 0x0000000084700000, 0x0000000084700000|100%| O|  |TAMS 0x0000000084700000, 0x0000000084600000| Untracked 
|  71|0x0000000084700000, 0x0000000084700000, 0x0000000084800000|  0%| F|  |TAMS 0x0000000084700000, 0x0000000084700000| Untracked 
|  72|0x0000000084800000, 0x0000000084900000, 0x0000000084900000|100%| O|  |TAMS 0x0000000084900000, 0x0000000084800000| Untracked 
|  73|0x0000000084900000, 0x0000000084a00000, 0x0000000084a00000|100%| O|  |TAMS 0x0000000084a00000, 0x0000000084900000| Untracked 
|  74|0x0000000084a00000, 0x0000000084b00000, 0x0000000084b00000|100%| O|  |TAMS 0x0000000084b00000, 0x0000000084a00000| Untracked 
|  75|0x0000000084b00000, 0x0000000084c00000, 0x0000000084c00000|100%| O|  |TAMS 0x0000000084c00000, 0x0000000084b00000| Untracked 
|  76|0x0000000084c00000, 0x0000000084d00000, 0x0000000084d00000|100%| O|  |TAMS 0x0000000084d00000, 0x0000000084c00000| Untracked 
|  77|0x0000000084d00000, 0x0000000084e00000, 0x0000000084e00000|100%| O|  |TAMS 0x0000000084e00000, 0x0000000084d00000| Untracked 
|  78|0x0000000084e00000, 0x0000000084f00000, 0x0000000084f00000|100%| O|  |TAMS 0x0000000084f00000, 0x0000000084e00000| Untracked 
|  79|0x0000000084f00000, 0x0000000085000000, 0x0000000085000000|100%| O|  |TAMS 0x0000000085000000, 0x0000000084f00000| Untracked 
|  80|0x0000000085000000, 0x0000000085100000, 0x0000000085100000|100%| O|  |TAMS 0x0000000085100000, 0x0000000085000000| Untracked 
|  81|0x0000000085100000, 0x0000000085100000, 0x0000000085200000|  0%| F|  |TAMS 0x0000000085100000, 0x0000000085100000| Untracked 
|  82|0x0000000085200000, 0x0000000085200000, 0x0000000085300000|  0%| F|  |TAMS 0x0000000085200000, 0x0000000085200000| Untracked 
|  83|0x0000000085300000, 0x0000000085300000, 0x0000000085400000|  0%| F|  |TAMS 0x0000000085300000, 0x0000000085300000| Untracked 
|  84|0x0000000085400000, 0x0000000085400000, 0x0000000085500000|  0%| F|  |TAMS 0x0000000085400000, 0x0000000085400000| Untracked 
|  85|0x0000000085500000, 0x0000000085600000, 0x0000000085600000|100%|HS|  |TAMS 0x0000000085600000, 0x0000000085500000| Complete 
|  86|0x0000000085600000, 0x0000000085700000, 0x0000000085700000|100%|HC|  |TAMS 0x0000000085700000, 0x0000000085600000| Complete 
|  87|0x0000000085700000, 0x0000000085800000, 0x0000000085800000|100%| O|  |TAMS 0x0000000085800000, 0x0000000085700000| Untracked 
|  88|0x0000000085800000, 0x0000000085800000, 0x0000000085900000|  0%| F|  |TAMS 0x0000000085800000, 0x0000000085800000| Untracked 
|  89|0x0000000085900000, 0x0000000085900000, 0x0000000085a00000|  0%| F|  |TAMS 0x0000000085900000, 0x0000000085900000| Untracked 
|  90|0x0000000085a00000, 0x0000000085a00000, 0x0000000085b00000|  0%| F|  |TAMS 0x0000000085a00000, 0x0000000085a00000| Untracked 
|  91|0x0000000085b00000, 0x0000000085b00000, 0x0000000085c00000|  0%| F|  |TAMS 0x0000000085b00000, 0x0000000085b00000| Untracked 
|  92|0x0000000085c00000, 0x0000000085c00000, 0x0000000085d00000|  0%| F|  |TAMS 0x0000000085c00000, 0x0000000085c00000| Untracked 
|  93|0x0000000085d00000, 0x0000000085d00000, 0x0000000085e00000|  0%| F|  |TAMS 0x0000000085d00000, 0x0000000085d00000| Untracked 
|  94|0x0000000085e00000, 0x0000000085e00000, 0x0000000085f00000|  0%| F|  |TAMS 0x0000000085e00000, 0x0000000085e00000| Untracked 
|  95|0x0000000085f00000, 0x0000000085f00000, 0x0000000086000000|  0%| F|  |TAMS 0x0000000085f00000, 0x0000000085f00000| Untracked 
|  96|0x0000000086000000, 0x0000000086000000, 0x0000000086100000|  0%| F|  |TAMS 0x0000000086000000, 0x0000000086000000| Untracked 
|  97|0x0000000086100000, 0x0000000086200000, 0x0000000086200000|100%| O|  |TAMS 0x0000000086200000, 0x0000000086100000| Untracked 
|  98|0x0000000086200000, 0x0000000086300000, 0x0000000086300000|100%| O|  |TAMS 0x0000000086200000, 0x0000000086200000| Untracked 
|  99|0x0000000086300000, 0x0000000086400000, 0x0000000086400000|100%| O|  |TAMS 0x0000000086300000, 0x0000000086300000| Untracked 
| 100|0x0000000086400000, 0x0000000086500000, 0x0000000086500000|100%| O|  |TAMS 0x0000000086400000, 0x0000000086400000| Untracked 
| 101|0x0000000086500000, 0x0000000086600000, 0x0000000086600000|100%| O|  |TAMS 0x0000000086500000, 0x0000000086500000| Untracked 
| 102|0x0000000086600000, 0x0000000086700000, 0x0000000086700000|100%| O|  |TAMS 0x0000000086600000, 0x0000000086600000| Untracked 
| 103|0x0000000086700000, 0x0000000086800000, 0x0000000086800000|100%| O|  |TAMS 0x0000000086700000, 0x0000000086700000| Untracked 
| 104|0x0000000086800000, 0x0000000086900000, 0x0000000086900000|100%| O|  |TAMS 0x0000000086800000, 0x0000000086800000| Untracked 
| 105|0x0000000086900000, 0x0000000086a00000, 0x0000000086a00000|100%| O|  |TAMS 0x0000000086900000, 0x0000000086900000| Untracked 
| 106|0x0000000086a00000, 0x0000000086b00000, 0x0000000086b00000|100%| O|  |TAMS 0x0000000086b00000, 0x0000000086a00000| Untracked 
| 107|0x0000000086b00000, 0x0000000086c00000, 0x0000000086c00000|100%| O|  |TAMS 0x0000000086c00000, 0x0000000086b00000| Untracked 
| 108|0x0000000086c00000, 0x0000000086d00000, 0x0000000086d00000|100%| O|  |TAMS 0x0000000086d00000, 0x0000000086c00000| Untracked 
| 109|0x0000000086d00000, 0x0000000086e00000, 0x0000000086e00000|100%| O|  |TAMS 0x0000000086e00000, 0x0000000086d00000| Untracked 
| 110|0x0000000086e00000, 0x0000000086f00000, 0x0000000086f00000|100%| O|  |TAMS 0x0000000086f00000, 0x0000000086e00000| Untracked 
| 111|0x0000000086f00000, 0x0000000087000000, 0x0000000087000000|100%| O|  |TAMS 0x0000000086f00000, 0x0000000086f00000| Untracked 
| 112|0x0000000087000000, 0x0000000087100000, 0x0000000087100000|100%|HS|  |TAMS 0x0000000087100000, 0x0000000087000000| Complete 
| 113|0x0000000087100000, 0x0000000087200000, 0x0000000087200000|100%|HC|  |TAMS 0x0000000087200000, 0x0000000087100000| Complete 
| 114|0x0000000087200000, 0x0000000087300000, 0x0000000087300000|100%| O|  |TAMS 0x0000000087300000, 0x0000000087200000| Untracked 
| 115|0x0000000087300000, 0x0000000087400000, 0x0000000087400000|100%| O|  |TAMS 0x0000000087400000, 0x0000000087300000| Untracked 
| 116|0x0000000087400000, 0x0000000087400000, 0x0000000087500000|  0%| F|  |TAMS 0x0000000087400000, 0x0000000087400000| Untracked 
| 117|0x0000000087500000, 0x0000000087500000, 0x0000000087600000|  0%| F|  |TAMS 0x0000000087500000, 0x0000000087500000| Untracked 
| 118|0x0000000087600000, 0x0000000087700000, 0x0000000087700000|100%| O|  |TAMS 0x0000000087700000, 0x0000000087600000| Untracked 
| 119|0x0000000087700000, 0x0000000087800000, 0x0000000087800000|100%| O|  |TAMS 0x0000000087800000, 0x0000000087700000| Untracked 
| 120|0x0000000087800000, 0x0000000087900000, 0x0000000087900000|100%| O|  |TAMS 0x0000000087900000, 0x0000000087800000| Untracked 
| 121|0x0000000087900000, 0x0000000087a00000, 0x0000000087a00000|100%| O|  |TAMS 0x0000000087a00000, 0x0000000087900000| Untracked 
| 122|0x0000000087a00000, 0x0000000087b00000, 0x0000000087b00000|100%| O|  |TAMS 0x0000000087b00000, 0x0000000087a00000| Untracked 
| 123|0x0000000087b00000, 0x0000000087c00000, 0x0000000087c00000|100%| O|  |TAMS 0x0000000087c00000, 0x0000000087b00000| Untracked 
| 124|0x0000000087c00000, 0x0000000087d00000, 0x0000000087d00000|100%| O|  |TAMS 0x0000000087c89400, 0x0000000087c00000| Untracked 
| 125|0x0000000087d00000, 0x0000000087e00000, 0x0000000087e00000|100%| O|  |TAMS 0x0000000087d00000, 0x0000000087d00000| Untracked 
| 126|0x0000000087e00000, 0x0000000087f00000, 0x0000000087f00000|100%| O|  |TAMS 0x0000000087e00000, 0x0000000087e00000| Untracked 
| 127|0x0000000087f00000, 0x0000000088000000, 0x0000000088000000|100%| O|  |TAMS 0x0000000087f00000, 0x0000000087f00000| Untracked 
| 128|0x0000000088000000, 0x00000000880b3600, 0x0000000088100000| 70%| O|  |TAMS 0x0000000088000000, 0x0000000088000000| Untracked 
| 129|0x0000000088100000, 0x0000000088100000, 0x0000000088200000|  0%| F|  |TAMS 0x0000000088100000, 0x0000000088100000| Untracked 
| 130|0x0000000088200000, 0x0000000088200000, 0x0000000088300000|  0%| F|  |TAMS 0x0000000088200000, 0x0000000088200000| Untracked 
| 131|0x0000000088300000, 0x0000000088300000, 0x0000000088400000|  0%| F|  |TAMS 0x0000000088300000, 0x0000000088300000| Untracked 
| 132|0x0000000088400000, 0x0000000088400000, 0x0000000088500000|  0%| F|  |TAMS 0x0000000088400000, 0x0000000088400000| Untracked 
| 133|0x0000000088500000, 0x0000000088500000, 0x0000000088600000|  0%| F|  |TAMS 0x0000000088500000, 0x0000000088500000| Untracked 
| 134|0x0000000088600000, 0x0000000088600000, 0x0000000088700000|  0%| F|  |TAMS 0x0000000088600000, 0x0000000088600000| Untracked 
| 135|0x0000000088700000, 0x0000000088700000, 0x0000000088800000|  0%| F|  |TAMS 0x0000000088700000, 0x0000000088700000| Untracked 
| 136|0x0000000088800000, 0x0000000088800000, 0x0000000088900000|  0%| F|  |TAMS 0x0000000088800000, 0x0000000088800000| Untracked 
| 137|0x0000000088900000, 0x0000000088900000, 0x0000000088a00000|  0%| F|  |TAMS 0x0000000088900000, 0x0000000088900000| Untracked 
| 138|0x0000000088a00000, 0x0000000088a00000, 0x0000000088b00000|  0%| F|  |TAMS 0x0000000088a00000, 0x0000000088a00000| Untracked 
| 139|0x0000000088b00000, 0x0000000088b00000, 0x0000000088c00000|  0%| F|  |TAMS 0x0000000088b00000, 0x0000000088b00000| Untracked 
| 140|0x0000000088c00000, 0x0000000088c00000, 0x0000000088d00000|  0%| F|  |TAMS 0x0000000088c00000, 0x0000000088c00000| Untracked 
| 141|0x0000000088d00000, 0x0000000088d00000, 0x0000000088e00000|  0%| F|  |TAMS 0x0000000088d00000, 0x0000000088d00000| Untracked 
| 142|0x0000000088e00000, 0x0000000088e00000, 0x0000000088f00000|  0%| F|  |TAMS 0x0000000088e00000, 0x0000000088e00000| Untracked 
| 143|0x0000000088f00000, 0x0000000088f00000, 0x0000000089000000|  0%| F|  |TAMS 0x0000000088f00000, 0x0000000088f00000| Untracked 
| 144|0x0000000089000000, 0x0000000089000000, 0x0000000089100000|  0%| F|  |TAMS 0x0000000089000000, 0x0000000089000000| Untracked 
| 145|0x0000000089100000, 0x0000000089100000, 0x0000000089200000|  0%| F|  |TAMS 0x0000000089100000, 0x0000000089100000| Untracked 
| 146|0x0000000089200000, 0x0000000089200000, 0x0000000089300000|  0%| F|  |TAMS 0x0000000089200000, 0x0000000089200000| Untracked 
| 147|0x0000000089300000, 0x0000000089300000, 0x0000000089400000|  0%| F|  |TAMS 0x0000000089300000, 0x0000000089300000| Untracked 
| 148|0x0000000089400000, 0x0000000089400000, 0x0000000089500000|  0%| F|  |TAMS 0x0000000089400000, 0x0000000089400000| Untracked 
| 149|0x0000000089500000, 0x0000000089500000, 0x0000000089600000|  0%| F|  |TAMS 0x0000000089500000, 0x0000000089500000| Untracked 
| 150|0x0000000089600000, 0x0000000089600000, 0x0000000089700000|  0%| F|  |TAMS 0x0000000089600000, 0x0000000089600000| Untracked 
| 151|0x0000000089700000, 0x0000000089700000, 0x0000000089800000|  0%| F|  |TAMS 0x0000000089700000, 0x0000000089700000| Untracked 
| 152|0x0000000089800000, 0x0000000089800000, 0x0000000089900000|  0%| F|  |TAMS 0x0000000089800000, 0x0000000089800000| Untracked 
| 153|0x0000000089900000, 0x0000000089900000, 0x0000000089a00000|  0%| F|  |TAMS 0x0000000089900000, 0x0000000089900000| Untracked 
| 154|0x0000000089a00000, 0x0000000089a00000, 0x0000000089b00000|  0%| F|  |TAMS 0x0000000089a00000, 0x0000000089a00000| Untracked 
| 155|0x0000000089b00000, 0x0000000089b00000, 0x0000000089c00000|  0%| F|  |TAMS 0x0000000089b00000, 0x0000000089b00000| Untracked 
| 156|0x0000000089c00000, 0x0000000089c00000, 0x0000000089d00000|  0%| F|  |TAMS 0x0000000089c00000, 0x0000000089c00000| Untracked 
| 157|0x0000000089d00000, 0x0000000089d00000, 0x0000000089e00000|  0%| F|  |TAMS 0x0000000089d00000, 0x0000000089d00000| Untracked 
| 158|0x0000000089e00000, 0x0000000089e00000, 0x0000000089f00000|  0%| F|  |TAMS 0x0000000089e00000, 0x0000000089e00000| Untracked 
| 159|0x0000000089f00000, 0x0000000089f00000, 0x000000008a000000|  0%| F|  |TAMS 0x0000000089f00000, 0x0000000089f00000| Untracked 
| 160|0x000000008a000000, 0x000000008a000000, 0x000000008a100000|  0%| F|  |TAMS 0x000000008a000000, 0x000000008a000000| Untracked 
| 161|0x000000008a100000, 0x000000008a100000, 0x000000008a200000|  0%| F|  |TAMS 0x000000008a100000, 0x000000008a100000| Untracked 
| 162|0x000000008a200000, 0x000000008a200000, 0x000000008a300000|  0%| F|  |TAMS 0x000000008a200000, 0x000000008a200000| Untracked 
| 163|0x000000008a300000, 0x000000008a300000, 0x000000008a400000|  0%| F|  |TAMS 0x000000008a300000, 0x000000008a300000| Untracked 
| 164|0x000000008a400000, 0x000000008a400000, 0x000000008a500000|  0%| F|  |TAMS 0x000000008a400000, 0x000000008a400000| Untracked 
| 165|0x000000008a500000, 0x000000008a500000, 0x000000008a600000|  0%| F|  |TAMS 0x000000008a500000, 0x000000008a500000| Untracked 
| 166|0x000000008a600000, 0x000000008a600000, 0x000000008a700000|  0%| F|  |TAMS 0x000000008a600000, 0x000000008a600000| Untracked 
| 167|0x000000008a700000, 0x000000008a700000, 0x000000008a800000|  0%| F|  |TAMS 0x000000008a700000, 0x000000008a700000| Untracked 
| 168|0x000000008a800000, 0x000000008a800000, 0x000000008a900000|  0%| F|  |TAMS 0x000000008a800000, 0x000000008a800000| Untracked 
| 169|0x000000008a900000, 0x000000008a900000, 0x000000008aa00000|  0%| F|  |TAMS 0x000000008a900000, 0x000000008a900000| Untracked 
| 170|0x000000008aa00000, 0x000000008aa00000, 0x000000008ab00000|  0%| F|  |TAMS 0x000000008aa00000, 0x000000008aa00000| Untracked 
| 171|0x000000008ab00000, 0x000000008ab00000, 0x000000008ac00000|  0%| F|  |TAMS 0x000000008ab00000, 0x000000008ab00000| Untracked 
| 172|0x000000008ac00000, 0x000000008ac00000, 0x000000008ad00000|  0%| F|  |TAMS 0x000000008ac00000, 0x000000008ac00000| Untracked 
| 173|0x000000008ad00000, 0x000000008ad00000, 0x000000008ae00000|  0%| F|  |TAMS 0x000000008ad00000, 0x000000008ad00000| Untracked 
| 174|0x000000008ae00000, 0x000000008ae00000, 0x000000008af00000|  0%| F|  |TAMS 0x000000008ae00000, 0x000000008ae00000| Untracked 
| 175|0x000000008af00000, 0x000000008af00000, 0x000000008b000000|  0%| F|  |TAMS 0x000000008af00000, 0x000000008af00000| Untracked 
| 176|0x000000008b000000, 0x000000008b000000, 0x000000008b100000|  0%| F|  |TAMS 0x000000008b000000, 0x000000008b000000| Untracked 
| 177|0x000000008b100000, 0x000000008b100000, 0x000000008b200000|  0%| F|  |TAMS 0x000000008b100000, 0x000000008b100000| Untracked 
| 178|0x000000008b200000, 0x000000008b200000, 0x000000008b300000|  0%| F|  |TAMS 0x000000008b200000, 0x000000008b200000| Untracked 
| 179|0x000000008b300000, 0x000000008b300000, 0x000000008b400000|  0%| F|  |TAMS 0x000000008b300000, 0x000000008b300000| Untracked 
| 180|0x000000008b400000, 0x000000008b400000, 0x000000008b500000|  0%| F|  |TAMS 0x000000008b400000, 0x000000008b400000| Untracked 
| 181|0x000000008b500000, 0x000000008b500000, 0x000000008b600000|  0%| F|  |TAMS 0x000000008b500000, 0x000000008b500000| Untracked 
| 182|0x000000008b600000, 0x000000008b600000, 0x000000008b700000|  0%| F|  |TAMS 0x000000008b600000, 0x000000008b600000| Untracked 
| 183|0x000000008b700000, 0x000000008b700000, 0x000000008b800000|  0%| F|  |TAMS 0x000000008b700000, 0x000000008b700000| Untracked 
| 184|0x000000008b800000, 0x000000008b800000, 0x000000008b900000|  0%| F|  |TAMS 0x000000008b800000, 0x000000008b800000| Untracked 
| 185|0x000000008b900000, 0x000000008b900000, 0x000000008ba00000|  0%| F|  |TAMS 0x000000008b900000, 0x000000008b900000| Untracked 
| 186|0x000000008ba00000, 0x000000008ba00000, 0x000000008bb00000|  0%| F|  |TAMS 0x000000008ba00000, 0x000000008ba00000| Untracked 
| 187|0x000000008bb00000, 0x000000008bb00000, 0x000000008bc00000|  0%| F|  |TAMS 0x000000008bb00000, 0x000000008bb00000| Untracked 
| 188|0x000000008bc00000, 0x000000008bc00000, 0x000000008bd00000|  0%| F|  |TAMS 0x000000008bc00000, 0x000000008bc00000| Untracked 
| 189|0x000000008bd00000, 0x000000008bd00000, 0x000000008be00000|  0%| F|  |TAMS 0x000000008bd00000, 0x000000008bd00000| Untracked 
| 190|0x000000008be00000, 0x000000008be00000, 0x000000008bf00000|  0%| F|  |TAMS 0x000000008be00000, 0x000000008be00000| Untracked 
| 191|0x000000008bf00000, 0x000000008bf00000, 0x000000008c000000|  0%| F|  |TAMS 0x000000008bf00000, 0x000000008bf00000| Untracked 
| 192|0x000000008c000000, 0x000000008c000000, 0x000000008c100000|  0%| F|  |TAMS 0x000000008c000000, 0x000000008c000000| Untracked 
| 193|0x000000008c100000, 0x000000008c100000, 0x000000008c200000|  0%| F|  |TAMS 0x000000008c100000, 0x000000008c100000| Untracked 
| 194|0x000000008c200000, 0x000000008c200000, 0x000000008c300000|  0%| F|  |TAMS 0x000000008c200000, 0x000000008c200000| Untracked 
| 195|0x000000008c300000, 0x000000008c300000, 0x000000008c400000|  0%| F|  |TAMS 0x000000008c300000, 0x000000008c300000| Untracked 
| 196|0x000000008c400000, 0x000000008c400000, 0x000000008c500000|  0%| F|  |TAMS 0x000000008c400000, 0x000000008c400000| Untracked 
| 197|0x000000008c500000, 0x000000008c500000, 0x000000008c600000|  0%| F|  |TAMS 0x000000008c500000, 0x000000008c500000| Untracked 
| 198|0x000000008c600000, 0x000000008c600000, 0x000000008c700000|  0%| F|  |TAMS 0x000000008c600000, 0x000000008c600000| Untracked 
| 199|0x000000008c700000, 0x000000008c700000, 0x000000008c800000|  0%| F|  |TAMS 0x000000008c700000, 0x000000008c700000| Untracked 
| 200|0x000000008c800000, 0x000000008c800000, 0x000000008c900000|  0%| F|  |TAMS 0x000000008c800000, 0x000000008c800000| Untracked 
| 201|0x000000008c900000, 0x000000008c900000, 0x000000008ca00000|  0%| F|  |TAMS 0x000000008c900000, 0x000000008c900000| Untracked 
| 202|0x000000008ca00000, 0x000000008ca00000, 0x000000008cb00000|  0%| F|  |TAMS 0x000000008ca00000, 0x000000008ca00000| Untracked 
| 203|0x000000008cb00000, 0x000000008cb00000, 0x000000008cc00000|  0%| F|  |TAMS 0x000000008cb00000, 0x000000008cb00000| Untracked 
| 204|0x000000008cc00000, 0x000000008cc00000, 0x000000008cd00000|  0%| F|  |TAMS 0x000000008cc00000, 0x000000008cc00000| Untracked 
| 205|0x000000008cd00000, 0x000000008cd00000, 0x000000008ce00000|  0%| F|  |TAMS 0x000000008cd00000, 0x000000008cd00000| Untracked 
| 206|0x000000008ce00000, 0x000000008ce00000, 0x000000008cf00000|  0%| F|  |TAMS 0x000000008ce00000, 0x000000008ce00000| Untracked 
| 207|0x000000008cf00000, 0x000000008cf00000, 0x000000008d000000|  0%| F|  |TAMS 0x000000008cf00000, 0x000000008cf00000| Untracked 
| 208|0x000000008d000000, 0x000000008d000000, 0x000000008d100000|  0%| F|  |TAMS 0x000000008d000000, 0x000000008d000000| Untracked 
| 209|0x000000008d100000, 0x000000008d100000, 0x000000008d200000|  0%| F|  |TAMS 0x000000008d100000, 0x000000008d100000| Untracked 
| 210|0x000000008d200000, 0x000000008d200000, 0x000000008d300000|  0%| F|  |TAMS 0x000000008d200000, 0x000000008d200000| Untracked 
| 211|0x000000008d300000, 0x000000008d300000, 0x000000008d400000|  0%| F|  |TAMS 0x000000008d300000, 0x000000008d300000| Untracked 
| 212|0x000000008d400000, 0x000000008d400000, 0x000000008d500000|  0%| F|  |TAMS 0x000000008d400000, 0x000000008d400000| Untracked 
| 213|0x000000008d500000, 0x000000008d500000, 0x000000008d600000|  0%| F|  |TAMS 0x000000008d500000, 0x000000008d500000| Untracked 
| 214|0x000000008d600000, 0x000000008d600000, 0x000000008d700000|  0%| F|  |TAMS 0x000000008d600000, 0x000000008d600000| Untracked 
| 215|0x000000008d700000, 0x000000008d700000, 0x000000008d800000|  0%| F|  |TAMS 0x000000008d700000, 0x000000008d700000| Untracked 
| 216|0x000000008d800000, 0x000000008d800000, 0x000000008d900000|  0%| F|  |TAMS 0x000000008d800000, 0x000000008d800000| Untracked 
| 217|0x000000008d900000, 0x000000008d9f2028, 0x000000008da00000| 94%| E|  |TAMS 0x000000008d900000, 0x000000008d900000| Complete 
| 218|0x000000008da00000, 0x000000008db00000, 0x000000008db00000|100%| E|CS|TAMS 0x000000008da00000, 0x000000008da00000| Complete 
| 219|0x000000008db00000, 0x000000008dc00000, 0x000000008dc00000|100%| E|CS|TAMS 0x000000008db00000, 0x000000008db00000| Complete 
| 220|0x000000008dc00000, 0x000000008dd00000, 0x000000008dd00000|100%| E|CS|TAMS 0x000000008dc00000, 0x000000008dc00000| Complete 
| 221|0x000000008dd00000, 0x000000008de00000, 0x000000008de00000|100%| E|CS|TAMS 0x000000008dd00000, 0x000000008dd00000| Complete 
| 222|0x000000008de00000, 0x000000008df00000, 0x000000008df00000|100%| E|CS|TAMS 0x000000008de00000, 0x000000008de00000| Complete 
| 223|0x000000008df00000, 0x000000008e000000, 0x000000008e000000|100%| E|CS|TAMS 0x000000008df00000, 0x000000008df00000| Complete 
| 224|0x000000008e000000, 0x000000008e100000, 0x000000008e100000|100%| E|CS|TAMS 0x000000008e000000, 0x000000008e000000| Complete 
| 225|0x000000008e100000, 0x000000008e200000, 0x000000008e200000|100%| E|CS|TAMS 0x000000008e100000, 0x000000008e100000| Complete 
| 226|0x000000008e200000, 0x000000008e300000, 0x000000008e300000|100%| E|CS|TAMS 0x000000008e200000, 0x000000008e200000| Complete 
| 227|0x000000008e300000, 0x000000008e400000, 0x000000008e400000|100%| E|CS|TAMS 0x000000008e300000, 0x000000008e300000| Complete 
| 228|0x000000008e400000, 0x000000008e500000, 0x000000008e500000|100%| E|CS|TAMS 0x000000008e400000, 0x000000008e400000| Complete 
| 229|0x000000008e500000, 0x000000008e600000, 0x000000008e600000|100%| E|CS|TAMS 0x000000008e500000, 0x000000008e500000| Complete 
| 230|0x000000008e600000, 0x000000008e700000, 0x000000008e700000|100%| E|CS|TAMS 0x000000008e600000, 0x000000008e600000| Complete 
| 231|0x000000008e700000, 0x000000008e800000, 0x000000008e800000|100%| E|CS|TAMS 0x000000008e700000, 0x000000008e700000| Complete 
| 232|0x000000008e800000, 0x000000008e900000, 0x000000008e900000|100%| E|CS|TAMS 0x000000008e800000, 0x000000008e800000| Complete 
| 233|0x000000008e900000, 0x000000008ea00000, 0x000000008ea00000|100%| E|CS|TAMS 0x000000008e900000, 0x000000008e900000| Complete 
| 234|0x000000008ea00000, 0x000000008eb00000, 0x000000008eb00000|100%| E|CS|TAMS 0x000000008ea00000, 0x000000008ea00000| Complete 
| 235|0x000000008eb00000, 0x000000008ec00000, 0x000000008ec00000|100%| E|CS|TAMS 0x000000008eb00000, 0x000000008eb00000| Complete 
| 236|0x000000008ec00000, 0x000000008ed00000, 0x000000008ed00000|100%| E|CS|TAMS 0x000000008ec00000, 0x000000008ec00000| Complete 
| 237|0x000000008ed00000, 0x000000008ee00000, 0x000000008ee00000|100%| E|CS|TAMS 0x000000008ed00000, 0x000000008ed00000| Complete 
| 238|0x000000008ee00000, 0x000000008ef00000, 0x000000008ef00000|100%| E|CS|TAMS 0x000000008ee00000, 0x000000008ee00000| Complete 
| 239|0x000000008ef00000, 0x000000008f000000, 0x000000008f000000|100%| E|CS|TAMS 0x000000008ef00000, 0x000000008ef00000| Complete 
| 240|0x000000008f000000, 0x000000008f100000, 0x000000008f100000|100%| E|CS|TAMS 0x000000008f000000, 0x000000008f000000| Complete 
| 241|0x000000008f100000, 0x000000008f200000, 0x000000008f200000|100%| E|CS|TAMS 0x000000008f100000, 0x000000008f100000| Complete 
| 242|0x000000008f200000, 0x000000008f300000, 0x000000008f300000|100%| E|CS|TAMS 0x000000008f200000, 0x000000008f200000| Complete 
| 243|0x000000008f300000, 0x000000008f400000, 0x000000008f400000|100%| E|CS|TAMS 0x000000008f300000, 0x000000008f300000| Complete 
| 244|0x000000008f400000, 0x000000008f500000, 0x000000008f500000|100%| E|CS|TAMS 0x000000008f400000, 0x000000008f400000| Complete 
| 245|0x000000008f500000, 0x000000008f600000, 0x000000008f600000|100%| E|CS|TAMS 0x000000008f500000, 0x000000008f500000| Complete 
| 246|0x000000008f600000, 0x000000008f65caf0, 0x000000008f700000| 36%| S|CS|TAMS 0x000000008f600000, 0x000000008f600000| Complete 
| 247|0x000000008f700000, 0x000000008f800000, 0x000000008f800000|100%| S|CS|TAMS 0x000000008f700000, 0x000000008f700000| Complete 
| 248|0x000000008f800000, 0x000000008f900000, 0x000000008f900000|100%| E|CS|TAMS 0x000000008f800000, 0x000000008f800000| Complete 
| 249|0x000000008f900000, 0x000000008fa00000, 0x000000008fa00000|100%| E|CS|TAMS 0x000000008f900000, 0x000000008f900000| Complete 
| 250|0x000000008fa00000, 0x000000008fb00000, 0x000000008fb00000|100%| E|CS|TAMS 0x000000008fa00000, 0x000000008fa00000| Complete 
| 251|0x000000008fb00000, 0x000000008fc00000, 0x000000008fc00000|100%| E|CS|TAMS 0x000000008fb00000, 0x000000008fb00000| Complete 

Card table byte_map: [0x000001d1a5330000,0x000001d1a5730000] _byte_map_base: 0x000001d1a4f30000

Marking Bits (Prev, Next): (CMBitMap*) 0x000001d19212b828, (CMBitMap*) 0x000001d19212b860
 Prev Bits: [0x000001d1a5b30000, 0x000001d1a7b30000)
 Next Bits: [0x000001d1a7b30000, 0x000001d1a9b30000)

Polling page: 0x000001d1900e0000

Metaspace:

Usage:
  Non-class:    104.66 MB capacity,   102.65 MB ( 98%) used,     1.60 MB (  2%) free+waste,   412.06 KB ( <1%) overhead. 
      Class:     16.08 MB capacity,    14.86 MB ( 92%) used,     1.05 MB (  7%) free+waste,   182.75 KB (  1%) overhead. 
       Both:    120.74 MB capacity,   117.51 MB ( 97%) used,     2.65 MB (  2%) free+waste,   594.81 KB ( <1%) overhead. 

Virtual space:
  Non-class space:      108.00 MB reserved,     106.85 MB ( 99%) committed 
      Class space:        1.00 GB reserved,      17.53 MB (  2%) committed 
             Both:        1.11 GB reserved,     124.38 MB ( 11%) committed 

Chunk freelists:
   Non-Class:  2.07 MB
       Class:  1.38 MB
        Both:  3.45 MB

MaxMetaspaceSize: 17179869184.00 GB
CompressedClassSpaceSize: 1.00 GB
Initial GC threshold: 20.80 MB
Current GC threshold: 206.47 MB
CDS: off

CodeHeap 'non-profiled nmethods': size=120000Kb used=13292Kb max_used=13292Kb free=106707Kb
 bounds [0x000001d19d6d0000, 0x000001d19e3d0000, 0x000001d1a4c00000]
CodeHeap 'profiled nmethods': size=120000Kb used=40880Kb max_used=40880Kb free=79119Kb
 bounds [0x000001d1961a0000, 0x000001d198990000, 0x000001d19d6d0000]
CodeHeap 'non-nmethods': size=5760Kb used=2457Kb max_used=2522Kb free=3303Kb
 bounds [0x000001d195c00000, 0x000001d195e80000, 0x000001d1961a0000]
 total_blobs=19796 nmethods=18815 adapters=892
 compilation: enabled
              stopped_count=0, restarted_count=0
 full_count=0

Compilation events (20 events):
Event: 287.736 Thread 0x000001d1ace81000 19693       3       kotlin.jvm.internal.SpreadBuilder::<init> (17 bytes)
Event: 287.736 Thread 0x000001d1ace81000 nmethod 19693 0x000001d198975510 code [0x000001d1989756e0, 0x000001d198975928]
Event: 287.736 Thread 0x000001d1ace81000 19699       3       org.gradle.api.internal.artifacts.ivyservice.dependencysubstitution.DefaultDependencySubstitutions$ProjectPathConverter::<init> (6 bytes)
Event: 287.736 Thread 0x000001d1ace81000 nmethod 19699 0x000001d198975a10 code [0x000001d198975bc0, 0x000001d198975dd8]
Event: 287.736 Thread 0x000001d1ace81000 19700       3       org.gradle.api.internal.artifacts.ivyservice.dependencysubstitution.DefaultDependencySubstitutions$ProjectPathConverter::<init> (10 bytes)
Event: 287.736 Thread 0x000001d1ace81000 nmethod 19700 0x000001d198975f10 code [0x000001d1989760c0, 0x000001d198976278]
Event: 287.736 Thread 0x000001d1ace81000 19701       3       org.gradle.api.internal.artifacts.ivyservice.resolutionstrategy.DefaultResolutionStrategy::setMutationValidator (32 bytes)
Event: 287.737 Thread 0x000001d1ace81000 nmethod 19701 0x000001d198976310 code [0x000001d1989764e0, 0x000001d198976858]
Event: 287.737 Thread 0x000001d1ace81000 19694       3       kotlin.jvm.internal.SpreadBuilder::addSpread (196 bytes)
Event: 287.738 Thread 0x000001d1ace81000 nmethod 19694 0x000001d198976990 code [0x000001d198976e00, 0x000001d1989794e8]
Event: 287.738 Thread 0x000001d1ace81000 19695       3       kotlin.jvm.internal.SpreadBuilder::size (8 bytes)
Event: 287.738 Thread 0x000001d1ace81000 nmethod 19695 0x000001d198979f10 code [0x000001d19897a0c0, 0x000001d19897a258]
Event: 287.738 Thread 0x000001d1ace81000 19698       3       com.android.build.api.variant.impl.ApplicationVariantImpl::getDelegate (19 bytes)
Event: 287.739 Thread 0x000001d1ace81000 nmethod 19698 0x000001d19897a310 code [0x000001d19897a4e0, 0x000001d19897a788]
Event: 287.739 Thread 0x000001d1ace81000 19702       1       org.gradle.api.tasks.compile.JavaCompile_Decorated::getModelIdentityDisplayName (5 bytes)
Event: 287.739 Thread 0x000001d1ace81000 nmethod 19702 0x000001d19e3c5610 code [0x000001d19e3c57c0, 0x000001d19e3c5878]
Event: 287.739 Thread 0x000001d1ace81000 19697       3       com.android.build.api.variant.impl.MutableAndroidVersion::getApiLevel (24 bytes)
Event: 287.739 Thread 0x000001d1ace81000 nmethod 19697 0x000001d19897a890 code [0x000001d19897aa60, 0x000001d19897ac88]
Event: 287.740 Thread 0x000001d1ace81000 19703       3       com.sun.org.apache.xerces.internal.impl.XMLEntityScanner::load (200 bytes)
Event: 287.741 Thread 0x000001d1ace81000 nmethod 19703 0x000001d19897ad90 code [0x000001d19897afa0, 0x000001d19897b4f8]

GC Heap History (20 events):
Event: 21.598 GC heap before
{Heap before GC invocations=16 (full 0):
 garbage-first heap   total 258048K, used 204645K [0x0000000080000000, 0x0000000100000000)
  region size 1024K, 139 young (142336K), 13 survivors (13312K)
 Metaspace       used 98022K, capacity 100329K, committed 100432K, reserved 1136640K
  class space    used 12532K, capacity 13409K, committed 13472K, reserved 1048576K
}
Event: 21.613 GC heap after
{Heap after GC invocations=17 (full 0):
 garbage-first heap   total 258048K, used 86522K [0x0000000080000000, 0x0000000100000000)
  region size 1024K, 17 young (17408K), 17 survivors (17408K)
 Metaspace       used 98022K, capacity 100329K, committed 100432K, reserved 1136640K
  class space    used 12532K, capacity 13409K, committed 13472K, reserved 1048576K
}
Event: 21.666 GC heap before
{Heap before GC invocations=17 (full 0):
 garbage-first heap   total 258048K, used 89594K [0x0000000080000000, 0x0000000100000000)
  region size 1024K, 21 young (21504K), 17 survivors (17408K)
 Metaspace       used 98800K, capacity 101133K, committed 101256K, reserved 1136640K
  class space    used 12632K, capacity 13530K, committed 13600K, reserved 1048576K
}
Event: 21.689 GC heap after
{Heap after GC invocations=18 (full 0):
 garbage-first heap   total 258048K, used 88705K [0x0000000080000000, 0x0000000100000000)
  region size 1024K, 3 young (3072K), 3 survivors (3072K)
 Metaspace       used 98800K, capacity 101133K, committed 101256K, reserved 1136640K
  class space    used 12632K, capacity 13530K, committed 13600K, reserved 1048576K
}
Event: 23.841 GC heap before
{Heap before GC invocations=19 (full 0):
 garbage-first heap   total 258048K, used 182913K [0x0000000080000000, 0x0000000100000000)
  region size 1024K, 92 young (94208K), 3 survivors (3072K)
 Metaspace       used 106247K, capacity 108941K, committed 109192K, reserved 1144832K
  class space    used 13546K, capacity 14516K, committed 14624K, reserved 1048576K
}
Event: 23.857 GC heap after
{Heap after GC invocations=20 (full 0):
 garbage-first heap   total 258048K, used 101709K [0x0000000080000000, 0x0000000100000000)
  region size 1024K, 12 young (12288K), 12 survivors (12288K)
 Metaspace       used 106247K, capacity 108941K, committed 109192K, reserved 1144832K
  class space    used 13546K, capacity 14516K, committed 14624K, reserved 1048576K
}
Event: 25.033 GC heap before
{Heap before GC invocations=21 (full 0):
 garbage-first heap   total 258048K, used 185677K [0x0000000080000000, 0x0000000100000000)
  region size 1024K, 95 young (97280K), 12 survivors (12288K)
 Metaspace       used 115725K, capacity 119980K, committed 120072K, reserved 1153024K
  class space    used 15336K, capacity 17041K, committed 17056K, reserved 1048576K
}
Event: 25.044 GC heap after
{Heap after GC invocations=22 (full 0):
 garbage-first heap   total 258048K, used 106583K [0x0000000080000000, 0x0000000100000000)
  region size 1024K, 7 young (7168K), 7 survivors (7168K)
 Metaspace       used 115725K, capacity 119980K, committed 120072K, reserved 1153024K
  class space    used 15336K, capacity 17041K, committed 17056K, reserved 1048576K
}
Event: 140.691 GC heap before
{Heap before GC invocations=22 (full 0):
 garbage-first heap   total 258048K, used 204887K [0x0000000080000000, 0x0000000100000000)
  region size 1024K, 90 young (92160K), 7 survivors (7168K)
 Metaspace       used 120159K, capacity 124703K, committed 124936K, reserved 1157120K
  class space    used 15945K, capacity 17784K, committed 17824K, reserved 1048576K
}
Event: 140.700 GC heap after
{Heap after GC invocations=23 (full 0):
 garbage-first heap   total 258048K, used 106289K [0x0000000080000000, 0x0000000100000000)
  region size 1024K, 7 young (7168K), 7 survivors (7168K)
 Metaspace       used 120159K, capacity 124703K, committed 124936K, reserved 1157120K
  class space    used 15945K, capacity 17784K, committed 17824K, reserved 1048576K
}
Event: 143.249 GC heap before
{Heap before GC invocations=23 (full 0):
 garbage-first heap   total 258048K, used 197425K [0x0000000080000000, 0x0000000100000000)
  region size 1024K, 95 young (97280K), 7 survivors (7168K)
 Metaspace       used 121127K, capacity 125563K, committed 125704K, reserved 1157120K
  class space    used 15964K, capacity 17817K, committed 17824K, reserved 1048576K
}
Event: 143.265 GC heap after
{Heap after GC invocations=24 (full 0):
 garbage-first heap   total 258048K, used 113914K [0x0000000080000000, 0x0000000100000000)
  region size 1024K, 12 young (12288K), 12 survivors (12288K)
 Metaspace       used 121127K, capacity 125563K, committed 125704K, reserved 1157120K
  class space    used 15964K, capacity 17817K, committed 17824K, reserved 1048576K
}
Event: 172.151 GC heap before
{Heap before GC invocations=24 (full 0):
 garbage-first heap   total 258048K, used 215290K [0x0000000080000000, 0x0000000100000000)
  region size 1024K, 98 young (100352K), 12 survivors (12288K)
 Metaspace       used 121802K, capacity 126357K, committed 126600K, reserved 1159168K
  class space    used 15991K, capacity 17861K, committed 17952K, reserved 1048576K
}
Event: 172.169 GC heap after
{Heap after GC invocations=25 (full 0):
 garbage-first heap   total 258048K, used 121043K [0x0000000080000000, 0x0000000100000000)
  region size 1024K, 13 young (13312K), 13 survivors (13312K)
 Metaspace       used 121802K, capacity 126357K, committed 126600K, reserved 1159168K
  class space    used 15991K, capacity 17861K, committed 17952K, reserved 1048576K
}
Event: 173.234 GC heap before
{Heap before GC invocations=25 (full 0):
 garbage-first heap   total 258048K, used 163027K [0x0000000080000000, 0x0000000100000000)
  region size 1024K, 48 young (49152K), 13 survivors (13312K)
 Metaspace       used 122171K, capacity 126771K, committed 126856K, reserved 1159168K
  class space    used 16004K, capacity 17885K, committed 17952K, reserved 1048576K
}
Event: 173.268 GC heap after
{Heap after GC invocations=26 (full 0):
 garbage-first heap   total 258048K, used 132190K [0x0000000080000000, 0x0000000100000000)
  region size 1024K, 5 young (5120K), 5 survivors (5120K)
 Metaspace       used 122171K, capacity 126771K, committed 126856K, reserved 1159168K
  class space    used 16004K, capacity 17885K, committed 17952K, reserved 1048576K
}
Event: 204.428 GC heap before
{Heap before GC invocations=27 (full 0):
 garbage-first heap   total 258048K, used 192606K [0x0000000080000000, 0x0000000100000000)
  region size 1024K, 62 young (63488K), 5 survivors (5120K)
 Metaspace       used 120163K, capacity 123399K, committed 127112K, reserved 1159168K
  class space    used 15207K, capacity 16460K, committed 17952K, reserved 1048576K
}
Event: 204.435 GC heap after
{Heap after GC invocations=28 (full 0):
 garbage-first heap   total 258048K, used 127625K [0x0000000080000000, 0x0000000100000000)
  region size 1024K, 8 young (8192K), 8 survivors (8192K)
 Metaspace       used 120163K, capacity 123399K, committed 127112K, reserved 1159168K
  class space    used 15207K, capacity 16460K, committed 17952K, reserved 1048576K
}
Event: 204.489 GC heap before
{Heap before GC invocations=28 (full 0):
 garbage-first heap   total 258048K, used 131721K [0x0000000080000000, 0x0000000100000000)
  region size 1024K, 12 young (12288K), 8 survivors (8192K)
 Metaspace       used 120196K, capacity 123432K, committed 127112K, reserved 1159168K
  class space    used 15212K, capacity 16470K, committed 17952K, reserved 1048576K
}
Event: 204.498 GC heap after
{Heap after GC invocations=29 (full 0):
 garbage-first heap   total 258048K, used 113728K [0x0000000080000000, 0x0000000100000000)
  region size 1024K, 2 young (2048K), 2 survivors (2048K)
 Metaspace       used 120196K, capacity 123432K, committed 127112K, reserved 1159168K
  class space    used 15212K, capacity 16470K, committed 17952K, reserved 1048576K
}

Deoptimization events (20 events):
Event: 204.465 Thread 0x000001d1af5eb000 Uncommon trap: trap_request=0xffffffc6 fr.pc=0x000001d19dd9a2c0 relative=0x00000000000002e0
Event: 204.465 Thread 0x000001d1af5eb000 Uncommon trap: reason=bimorphic_or_optimized_type_check action=maybe_recompile pc=0x000001d19dd9a2c0 method=org.gradle.internal.snapshot.ChildMapFactory.childMapFromSorted(Ljava/util/List;)Lorg/gradle/internal/snapshot/ChildMap; @ 1 c2
Event: 204.465 Thread 0x000001d1af5eb000 DEOPT PACKING pc=0x000001d19dd9a2c0 sp=0x0000001b127fe150
Event: 204.465 Thread 0x000001d1af5eb000 DEOPT UNPACKING pc=0x000001d195c085af sp=0x0000001b127fe118 mode 2
Event: 287.512 Thread 0x000001d1b371f000 DEOPT PACKING pc=0x000001d1969b8e8d sp=0x0000001b0a1fe850
Event: 287.512 Thread 0x000001d1b371f000 DEOPT UNPACKING pc=0x000001d195c49d0e sp=0x0000001b0a1fdd18 mode 0
Event: 287.519 Thread 0x000001d1b3721000 Uncommon trap: trap_request=0xffffffc6 fr.pc=0x000001d19e056bf0 relative=0x0000000000000130
Event: 287.519 Thread 0x000001d1b3721000 Uncommon trap: reason=bimorphic_or_optimized_type_check action=maybe_recompile pc=0x000001d19e056bf0 method=java.util.Collections$UnmodifiableList.get(I)Ljava/lang/Object; @ 5 c2
Event: 287.519 Thread 0x000001d1b3721000 DEOPT PACKING pc=0x000001d19e056bf0 sp=0x0000001b0bcfe4d0
Event: 287.519 Thread 0x000001d1b3721000 DEOPT UNPACKING pc=0x000001d195c085af sp=0x0000001b0bcfe468 mode 2
Event: 287.537 Thread 0x000001d1b3721000 DEOPT PACKING pc=0x000001d196641879 sp=0x0000001b0bcfaec0
Event: 287.537 Thread 0x000001d1b3721000 DEOPT UNPACKING pc=0x000001d195c49d0e sp=0x0000001b0bcfa388 mode 0
Event: 287.579 Thread 0x000001d1b3721000 Uncommon trap: trap_request=0xffffffde fr.pc=0x000001d19ddc7dd4 relative=0x0000000000000494
Event: 287.579 Thread 0x000001d1b3721000 Uncommon trap: reason=class_check action=maybe_recompile pc=0x000001d19ddc7dd4 method=org.gradle.cache.internal.LockOnDemandCrossProcessCacheAccess.incrementLockCount()V @ 97 c2
Event: 287.579 Thread 0x000001d1b3721000 DEOPT PACKING pc=0x000001d19ddc7dd4 sp=0x0000001b0bcf6ca0
Event: 287.579 Thread 0x000001d1b3721000 DEOPT UNPACKING pc=0x000001d195c085af sp=0x0000001b0bcf6c50 mode 2
Event: 287.686 Thread 0x000001d1b3721000 Uncommon trap: trap_request=0xfffffff4 fr.pc=0x000001d19e36a60c relative=0x000000000000014c
Event: 287.686 Thread 0x000001d1b3721000 Uncommon trap: reason=null_check action=make_not_entrant pc=0x000001d19e36a60c method=org.gradle.api.internal.collections.CollectionFilter.filter(Ljava/lang/Object;)Ljava/lang/Object; @ 5 c2
Event: 287.686 Thread 0x000001d1b3721000 DEOPT PACKING pc=0x000001d19e36a60c sp=0x0000001b0bcf9150
Event: 287.686 Thread 0x000001d1b3721000 DEOPT UNPACKING pc=0x000001d195c085af sp=0x0000001b0bcf90f0 mode 2

Classes redefined (0 events):
No events

Internal exceptions (20 events):
Event: 173.062 Thread 0x000001d1af7ff800 Exception <a 'sun/nio/fs/WindowsException'{0x000000008e040608}> (0x000000008e040608) thrown at [./src/hotspot/share/prims/jni.cpp, line 616]
Event: 173.516 Thread 0x000001d1b4ca3800 Exception <a 'sun/nio/fs/WindowsException'{0x000000008fa61018}> (0x000000008fa61018) thrown at [./src/hotspot/share/prims/jni.cpp, line 616]
Event: 173.516 Thread 0x000001d1b4ca3800 Exception <a 'sun/nio/fs/WindowsException'{0x000000008fa61098}> (0x000000008fa61098) thrown at [./src/hotspot/share/prims/jni.cpp, line 616]
Event: 173.516 Thread 0x000001d1b4ca3800 Exception <a 'sun/nio/fs/WindowsException'{0x000000008fa629b0}> (0x000000008fa629b0) thrown at [./src/hotspot/share/prims/jni.cpp, line 616]
Event: 204.127 Thread 0x000001d1b4ca3800 Exception <a 'sun/nio/fs/WindowsException'{0x000000008e345f38}> (0x000000008e345f38) thrown at [./src/hotspot/share/prims/jni.cpp, line 616]
Event: 204.127 Thread 0x000001d1b4ca3800 Exception <a 'sun/nio/fs/WindowsException'{0x000000008e3477e8}> (0x000000008e3477e8) thrown at [./src/hotspot/share/prims/jni.cpp, line 616]
Event: 204.162 Thread 0x000001d1b4ca3800 Exception <a 'java/lang/NoClassDefFoundError'{0x000000008e0e6cd0}: org/jetbrains/kotlin/gradle/plugin/KotlinBasePluginWrapper> (0x000000008e0e6cd0) thrown at [./src/hotspot/share/oops/constantPool.cpp, line 775]
Event: 204.201 Thread 0x000001d1b4ca3800 Exception <a 'sun/nio/fs/WindowsException'{0x000000008ddad6d8}> (0x000000008ddad6d8) thrown at [./src/hotspot/share/prims/jni.cpp, line 616]
Event: 204.205 Thread 0x000001d1b4ca3800 Exception <a 'sun/nio/fs/WindowsException'{0x000000008dc49d88}> (0x000000008dc49d88) thrown at [./src/hotspot/share/prims/jni.cpp, line 616]
Event: 204.205 Thread 0x000001d1b4ca3800 Exception <a 'sun/nio/fs/WindowsException'{0x000000008dc4b080}> (0x000000008dc4b080) thrown at [./src/hotspot/share/prims/jni.cpp, line 616]
Event: 204.205 Thread 0x000001d1b4ca3800 Exception <a 'sun/nio/fs/WindowsException'{0x000000008dc4c3c8}> (0x000000008dc4c3c8) thrown at [./src/hotspot/share/prims/jni.cpp, line 616]
Event: 204.205 Thread 0x000001d1b4ca3800 Exception <a 'sun/nio/fs/WindowsException'{0x000000008dc4d710}> (0x000000008dc4d710) thrown at [./src/hotspot/share/prims/jni.cpp, line 616]
Event: 204.482 Thread 0x000001d1b4ca3800 Exception <a 'sun/nio/fs/WindowsException'{0x000000008f871db8}> (0x000000008f871db8) thrown at [./src/hotspot/share/prims/jni.cpp, line 616]
Event: 204.482 Thread 0x000001d1b4ca3800 Exception <a 'sun/nio/fs/WindowsException'{0x000000008f871e38}> (0x000000008f871e38) thrown at [./src/hotspot/share/prims/jni.cpp, line 616]
Event: 204.482 Thread 0x000001d1b4ca3800 Exception <a 'sun/nio/fs/WindowsException'{0x000000008f874e88}> (0x000000008f874e88) thrown at [./src/hotspot/share/prims/jni.cpp, line 616]
Event: 287.659 Thread 0x000001d1b3721000 Exception <a 'sun/nio/fs/WindowsException'{0x000000008e26e810}> (0x000000008e26e810) thrown at [./src/hotspot/share/prims/jni.cpp, line 616]
Event: 287.659 Thread 0x000001d1b3721000 Exception <a 'sun/nio/fs/WindowsException'{0x000000008e2700c0}> (0x000000008e2700c0) thrown at [./src/hotspot/share/prims/jni.cpp, line 616]
Event: 287.686 Thread 0x000001d1b3721000 Implicit null exception at 0x000001d19e36a4f7 to 0x000001d19e36a5fc
Event: 287.691 Thread 0x000001d1b3721000 Exception <a 'java/lang/NoClassDefFoundError'{0x000000008de1a610}: org/jetbrains/kotlin/gradle/plugin/KotlinBasePluginWrapper> (0x000000008de1a610) thrown at [./src/hotspot/share/oops/constantPool.cpp, line 775]
Event: 287.739 Thread 0x000001d1b3721000 Exception <a 'sun/nio/fs/WindowsException'{0x000000008dcc4450}> (0x000000008dcc4450) thrown at [./src/hotspot/share/prims/jni.cpp, line 616]

Events (20 events):
Event: 287.618 Thread 0x000001d1b59b3800 Thread added: 0x000001d1b59b3800
Event: 287.619 Thread 0x000001d1b3ab7000 Thread added: 0x000001d1b3ab7000
Event: 287.619 Thread 0x000001d1b3ab8000 Thread added: 0x000001d1b3ab8000
Event: 287.619 Thread 0x000001d1b3ab3000 Thread added: 0x000001d1b3ab3000
Event: 287.619 Thread 0x000001d1b3ab2000 Thread added: 0x000001d1b3ab2000
Event: 287.619 Thread 0x000001d1b3ab6000 Thread added: 0x000001d1b3ab6000
Event: 287.619 Thread 0x000001d1b3ab8800 Thread added: 0x000001d1b3ab8800
Event: 287.619 Thread 0x000001d1b3ab5800 Thread added: 0x000001d1b3ab5800
Event: 287.619 Thread 0x000001d1b3ab9800 Thread added: 0x000001d1b3ab9800
Event: 287.619 Thread 0x000001d1b3ab4000 Thread added: 0x000001d1b3ab4000
Event: 287.619 Thread 0x000001d1af7b2000 Thread added: 0x000001d1af7b2000
Event: 287.619 Thread 0x000001d1af7b8800 Thread added: 0x000001d1af7b8800
Event: 287.619 Thread 0x000001d1af7b2800 Thread added: 0x000001d1af7b2800
Event: 287.620 Thread 0x000001d1af7b4800 Thread added: 0x000001d1af7b4800
Event: 287.628 Thread 0x000001d1b2d14800 Thread added: 0x000001d1b2d14800
Event: 287.642 Executing VM operation: BulkRevokeBias
Event: 287.646 Executing VM operation: BulkRevokeBias done
Event: 287.688 Thread 0x000001d1b2d18000 Thread added: 0x000001d1b2d18000
Event: 287.731 Executing VM operation: BulkRevokeBias
Event: 287.736 Executing VM operation: BulkRevokeBias done


Dynamic libraries:
0x00007ff680420000 - 0x00007ff68042a000 	C:\CookAndroid\android-studio\jre\bin\java.exe
0x00007ffa1a5d0000 - 0x00007ffa1a7e7000 	C:\WINDOWS\SYSTEM32\ntdll.dll
0x00007ffa18ee0000 - 0x00007ffa18fa4000 	C:\WINDOWS\System32\KERNEL32.DLL
0x00007ffa17da0000 - 0x00007ffa18146000 	C:\WINDOWS\System32\KERNELBASE.dll
0x00007ffa17c00000 - 0x00007ffa17d11000 	C:\WINDOWS\System32\ucrtbase.dll
0x00007ffa0a5c0000 - 0x00007ffa0a5d7000 	C:\CookAndroid\android-studio\jre\bin\VCRUNTIME140.dll
0x00007ffa07330000 - 0x00007ffa07349000 	C:\CookAndroid\android-studio\jre\bin\jli.dll
0x00007ffa19c60000 - 0x00007ffa19e0d000 	C:\WINDOWS\System32\USER32.dll
0x00007ff9f54b0000 - 0x00007ff9f5743000 	C:\WINDOWS\WinSxS\amd64_microsoft.windows.common-controls_6595b64144ccf1df_6.0.22621.2361_none_2712ced57382f843\COMCTL32.dll
0x00007ffa17ac0000 - 0x00007ffa17ae6000 	C:\WINDOWS\System32\win32u.dll
0x00007ffa183d0000 - 0x00007ffa18477000 	C:\WINDOWS\System32\msvcrt.dll
0x00007ffa19f30000 - 0x00007ffa19f59000 	C:\WINDOWS\System32\GDI32.dll
0x00007ffa18210000 - 0x00007ffa18328000 	C:\WINDOWS\System32\gdi32full.dll
0x00007ffa17af0000 - 0x00007ffa17b8a000 	C:\WINDOWS\System32\msvcp_win.dll
0x00007ffa18e90000 - 0x00007ffa18ec1000 	C:\WINDOWS\System32\IMM32.DLL
0x00007ffa009b0000 - 0x00007ffa00a4d000 	C:\CookAndroid\android-studio\jre\bin\msvcp140.dll
0x00007ff9cda30000 - 0x00007ff9ce532000 	C:\CookAndroid\android-studio\jre\bin\server\jvm.dll
0x00007ffa18fb0000 - 0x00007ffa19060000 	C:\WINDOWS\System32\ADVAPI32.dll
0x00007ffa18de0000 - 0x00007ffa18e86000 	C:\WINDOWS\System32\sechost.dll
0x00007ffa19e10000 - 0x00007ffa19f27000 	C:\WINDOWS\System32\RPCRT4.dll
0x00007ffa18360000 - 0x00007ffa18368000 	C:\WINDOWS\System32\PSAPI.DLL
0x00007ffa15390000 - 0x00007ffa153c4000 	C:\WINDOWS\SYSTEM32\WINMM.dll
0x00007ff9f54a0000 - 0x00007ff9f54a9000 	C:\WINDOWS\SYSTEM32\WSOCK32.dll
0x00007ffa0a890000 - 0x00007ffa0a89a000 	C:\WINDOWS\SYSTEM32\VERSION.dll
0x00007ffa18d60000 - 0x00007ffa18dd1000 	C:\WINDOWS\System32\WS2_32.dll
0x00007ffa16a60000 - 0x00007ffa16a78000 	C:\WINDOWS\SYSTEM32\kernel.appcore.dll
0x00007ffa0fd00000 - 0x00007ffa0fd11000 	C:\CookAndroid\android-studio\jre\bin\verify.dll
0x00007ffa15090000 - 0x00007ffa152be000 	C:\WINDOWS\SYSTEM32\DBGHELP.DLL
0x00007ffa18970000 - 0x00007ffa18cfa000 	C:\WINDOWS\System32\combase.dll
0x00007ffa19060000 - 0x00007ffa19137000 	C:\WINDOWS\System32\OLEAUT32.dll
0x00007ffa15350000 - 0x00007ffa15382000 	C:\WINDOWS\SYSTEM32\dbgcore.DLL
0x00007ffa17d20000 - 0x00007ffa17d9a000 	C:\WINDOWS\System32\bcryptPrimitives.dll
0x00007ffa0de50000 - 0x00007ffa0de79000 	C:\CookAndroid\android-studio\jre\bin\java.dll
0x00007ffa0fcf0000 - 0x00007ffa0fcfb000 	C:\CookAndroid\android-studio\jre\bin\jimage.dll
0x00007ffa0a810000 - 0x00007ffa0a828000 	C:\CookAndroid\android-studio\jre\bin\zip.dll
0x00007ffa191b0000 - 0x00007ffa19a08000 	C:\WINDOWS\System32\SHELL32.dll
0x00007ffa15860000 - 0x00007ffa16152000 	C:\WINDOWS\SYSTEM32\windows.storage.dll
0x00007ffa15720000 - 0x00007ffa1585e000 	C:\WINDOWS\SYSTEM32\wintypes.dll
0x00007ffa19b60000 - 0x00007ffa19c53000 	C:\WINDOWS\System32\SHCORE.dll
0x00007ffa18370000 - 0x00007ffa183ce000 	C:\WINDOWS\System32\shlwapi.dll
0x00007ffa17880000 - 0x00007ffa178a6000 	C:\WINDOWS\SYSTEM32\profapi.dll
0x00007ffa0a7f0000 - 0x00007ffa0a80a000 	C:\CookAndroid\android-studio\jre\bin\net.dll
0x00007ffa0dd10000 - 0x00007ffa0de47000 	C:\WINDOWS\SYSTEM32\WINHTTP.dll
0x00007ffa16f00000 - 0x00007ffa16f69000 	C:\WINDOWS\system32\mswsock.dll
0x00007ffa0a7c0000 - 0x00007ffa0a7d4000 	C:\CookAndroid\android-studio\jre\bin\nio.dll
0x00007ff9f4d70000 - 0x00007ff9f4d97000 	C:\CookAndroid\.gradle\native\e1d6ef7f7dcc3fd88c89a11ec53ec762bb8ba0a96d01ffa2cd45eb1d1d8dd5c5\windows-amd64\native-platform.dll
0x00007ff9d1250000 - 0x00007ff9d1394000 	C:\CookAndroid\.gradle\native\0d407fdbe67a94daf76414ababcb853783967236a71b16ec16e742cd7a986fd3\windows-amd64\native-platform-file-events.dll
0x00007ffa0fce0000 - 0x00007ffa0fcea000 	C:\CookAndroid\android-studio\jre\bin\management.dll
0x00007ffa0fc10000 - 0x00007ffa0fc1d000 	C:\CookAndroid\android-studio\jre\bin\management_ext.dll
0x00007ffa17160000 - 0x00007ffa1717b000 	C:\WINDOWS\SYSTEM32\CRYPTSP.dll
0x00007ffa169c0000 - 0x00007ffa169f5000 	C:\WINDOWS\system32\rsaenh.dll
0x00007ffa16ff0000 - 0x00007ffa1701c000 	C:\WINDOWS\SYSTEM32\USERENV.dll
0x00007ffa17310000 - 0x00007ffa17338000 	C:\WINDOWS\SYSTEM32\bcrypt.dll
0x00007ffa17150000 - 0x00007ffa1715c000 	C:\WINDOWS\SYSTEM32\CRYPTBASE.dll
0x00007ffa163c0000 - 0x00007ffa163ed000 	C:\WINDOWS\SYSTEM32\IPHLPAPI.DLL
0x00007ffa18330000 - 0x00007ffa18339000 	C:\WINDOWS\System32\NSI.dll
0x00007ffa0cc60000 - 0x00007ffa0cc79000 	C:\WINDOWS\SYSTEM32\dhcpcsvc6.DLL
0x00007ffa0cc40000 - 0x00007ffa0cc5f000 	C:\WINDOWS\SYSTEM32\dhcpcsvc.DLL
0x00007ffa163f0000 - 0x00007ffa164e9000 	C:\WINDOWS\SYSTEM32\DNSAPI.dll
0x00007ffa16a80000 - 0x00007ffa16ab4000 	C:\WINDOWS\SYSTEM32\ntmarta.dll
0x00007ffa0a580000 - 0x00007ffa0a5a7000 	C:\CookAndroid\android-studio\jre\bin\sunec.dll

dbghelp: loaded successfully - version: 4.0.5 - missing functions: none
symbol engine: initialized successfully - sym options: 0x614 - pdb path: .;C:\CookAndroid\android-studio\jre\bin;C:\WINDOWS\SYSTEM32;C:\WINDOWS\WinSxS\amd64_microsoft.windows.common-controls_6595b64144ccf1df_6.0.22621.2361_none_2712ced57382f843;C:\CookAndroid\android-studio\jre\bin\server;C:\CookAndroid\.gradle\native\e1d6ef7f7dcc3fd88c89a11ec53ec762bb8ba0a96d01ffa2cd45eb1d1d8dd5c5\windows-amd64;C:\CookAndroid\.gradle\native\0d407fdbe67a94daf76414ababcb853783967236a71b16ec16e742cd7a986fd3\windows-amd64

VM Arguments:
jvm_args: --add-opens=java.base/java.util=ALL-UNNAMED --add-opens=java.base/java.lang=ALL-UNNAMED --add-opens=java.base/java.lang.invoke=ALL-UNNAMED --add-opens=java.base/java.util=ALL-UNNAMED --add-opens=java.prefs/java.util.prefs=ALL-UNNAMED --add-opens=java.prefs/java.util.prefs=ALL-UNNAMED --add-opens=java.base/java.nio.charset=ALL-UNNAMED --add-opens=java.base/java.net=ALL-UNNAMED --add-opens=java.base/java.util.concurrent.atomic=ALL-UNNAMED -Xmx2048m -Dfile.encoding=UTF-8 -Duser.country=KR -Duser.language=ko -Duser.variant 
java_command: org.gradle.launcher.daemon.bootstrap.GradleDaemon 7.4
java_class_path (initial): C:\CookAndroid\.gradle\wrapper\dists\gradle-7.4-bin\c0gwcg53nkjbqw7r0h0umtfvt\gradle-7.4\lib\gradle-launcher-7.4.jar
Launcher Type: SUN_STANDARD

[Global flags]
     intx CICompilerCount                          = 4                                         {product} {ergonomic}
     uint ConcGCThreads                            = 2                                         {product} {ergonomic}
     uint G1ConcRefinementThreads                  = 8                                         {product} {ergonomic}
   size_t G1HeapRegionSize                         = 1048576                                   {product} {ergonomic}
    uintx GCDrainStackTargetSize                   = 64                                        {product} {ergonomic}
   size_t InitialHeapSize                          = 264241152                                 {product} {ergonomic}
   size_t MarkStackSize                            = 4194304                                   {product} {ergonomic}
   size_t MaxHeapSize                              = 2147483648                                {product} {command line}
   size_t MaxNewSize                               = 1287651328                                {product} {ergonomic}
   size_t MinHeapDeltaBytes                        = 1048576                                   {product} {ergonomic}
    uintx NonNMethodCodeHeapSize                   = 5836300                                {pd product} {ergonomic}
    uintx NonProfiledCodeHeapSize                  = 122910970                              {pd product} {ergonomic}
    uintx ProfiledCodeHeapSize                     = 122910970                              {pd product} {ergonomic}
    uintx ReservedCodeCacheSize                    = 251658240                              {pd product} {ergonomic}
     bool SegmentedCodeCache                       = true                                      {product} {ergonomic}
     bool UseCompressedClassPointers               = true                                 {lp64_product} {ergonomic}
     bool UseCompressedOops                        = true                                 {lp64_product} {ergonomic}
     bool UseG1GC                                  = true                                      {product} {ergonomic}
     bool UseLargePagesIndividualAllocation        = false                                  {pd product} {ergonomic}

Logging:
Log output configuration:
 #0: stdout all=warning uptime,level,tags
 #1: stderr all=off uptime,level,tags

Environment Variables:
PATH=C:\Program Files\Common Files\Oracle\Java\javapath;C:\WINDOWS\system32;C:\WINDOWS;C:\WINDOWS\System32\Wbem;C:\WINDOWS\System32\WindowsPowerShell\v1.0\;C:\WINDOWS\System32\OpenSSH\;C:\Program Files\Java\jdk-17\bin;C:\Program Files\Java\jdk-17\lib;C:\Program Files\Git\cmd;C:\Program Files\dotnet\;C:\Program Files\nodejs\;C:\Ruby31-x64\bin;C:\Users\dkgus\AppData\Local\Programs\Python\Python311\;C:\Users\dkgus\AppData\Local\Programs\Python\Python311\Scripts\;C:\Users\dkgus\AppData\Local\Microsoft\WindowsApps;C:\Users\dkgus\AppData\Local\Programs\Microsoft VS Code\bin;C:\Users\dkgus\AppData\Roaming\npm
USERNAME=아현
OS=Windows_NT
PROCESSOR_IDENTIFIER=Intel64 Family 6 Model 140 Stepping 2, GenuineIntel



---------------  S Y S T E M  ---------------

OS: Windows 11 , 64 bit Build 22621 (10.0.22621.2428)
OS uptime: 0 days 5:47 hours
Hyper-V role detected

CPU:total 8 (initial active 8) (4 cores per cpu, 2 threads per core) family 6 model 140 stepping 2 microcode 0x16, cmov, cx8, fxsr, mmx, sse, sse2, sse3, ssse3, sse4.1, sse4.2, popcnt, avx, avx2, aes, clmul, erms, 3dnowpref, lzcnt, ht, tsc, tscinvbit, bmi1, bmi2, adx, evex, sha, fma

Memory: 4k page, system-wide physical 16092M (2721M free)
TotalPageFile size 18140M (AvailPageFile size 5M)
current process WorkingSet (physical memory assigned to process): 591M, peak: 605M
current process commit charge ("private bytes"): 628M, peak: 641M

vm_info: OpenJDK 64-Bit Server VM (11.0.13+0-b1751.21-8125866) for windows-amd64 JRE (11.0.13+0-b1751.21-8125866), built on Feb  2 2022 03:00:22 by "builder" with MS VC++ 14.0 (VS2015)

END.
